\BOOKMARK [0][-]{chapter.1}{\376\377\0001\000\040\000N\000a\000m\000e\000s\000p\000a\000c\000e\000\040\000I\000n\000d\000e\000x}{}% 1
\BOOKMARK [1][-]{section.1.1}{\376\377\0001\000.\0001\000\040\000P\000a\000c\000k\000a\000g\000e\000\040\000L\000i\000s\000t}{chapter.1}% 2
\BOOKMARK [0][-]{chapter.2}{\376\377\0002\000\040\000H\000i\000e\000r\000a\000r\000c\000h\000i\000c\000a\000l\000\040\000I\000n\000d\000e\000x}{}% 3
\BOOKMARK [1][-]{section.2.1}{\376\377\0002\000.\0001\000\040\000C\000l\000a\000s\000s\000\040\000H\000i\000e\000r\000a\000r\000c\000h\000y}{chapter.2}% 4
\BOOKMARK [0][-]{chapter.3}{\376\377\0003\000\040\000C\000l\000a\000s\000s\000\040\000I\000n\000d\000e\000x}{}% 5
\BOOKMARK [1][-]{section.3.1}{\376\377\0003\000.\0001\000\040\000C\000l\000a\000s\000s\000\040\000L\000i\000s\000t}{chapter.3}% 6
\BOOKMARK [0][-]{chapter.4}{\376\377\0004\000\040\000N\000a\000m\000e\000s\000p\000a\000c\000e\000\040\000D\000o\000c\000u\000m\000e\000n\000t\000a\000t\000i\000o\000n}{}% 7
\BOOKMARK [1][-]{section.4.1}{\376\377\0004\000.\0001\000\040\000S\000a\000d\000S\000a\000p\000p\000h\000i\000c\000G\000a\000m\000e\000s\000\040\000N\000a\000m\000e\000s\000p\000a\000c\000e\000\040\000R\000e\000f\000e\000r\000e\000n\000c\000e}{chapter.4}% 8
\BOOKMARK [1][-]{section.4.2}{\376\377\0004\000.\0002\000\040\000S\000a\000d\000S\000a\000p\000p\000h\000i\000c\000G\000a\000m\000e\000s\000.\000N\000o\000i\000s\000e\000G\000e\000n\000e\000r\000a\000t\000o\000r\000s\000\040\000N\000a\000m\000e\000s\000p\000a\000c\000e\000\040\000R\000e\000f\000e\000r\000e\000n\000c\000e}{chapter.4}% 9
\BOOKMARK [0][-]{chapter.5}{\376\377\0005\000\040\000C\000l\000a\000s\000s\000\040\000D\000o\000c\000u\000m\000e\000n\000t\000a\000t\000i\000o\000n}{}% 10
\BOOKMARK [1][-]{section.5.1}{\376\377\0005\000.\0001\000\040\000S\000a\000d\000S\000a\000p\000p\000h\000i\000c\000G\000a\000m\000e\000s\000.\000N\000o\000i\000s\000e\000G\000e\000n\000e\000r\000a\000t\000o\000r\000s\000.\000A\000b\000s\000t\000r\000a\000c\000t\000L\000a\000t\000t\000i\000c\000e\000N\000o\000i\000s\000e\000G\000e\000n\000e\000r\000a\000t\000o\000r\000\040\000C\000l\000a\000s\000s\000\040\000R\000e\000f\000e\000r\000e\000n\000c\000e}{chapter.5}% 11
\BOOKMARK [2][-]{subsection.5.1.1}{\376\377\0005\000.\0001\000.\0001\000\040\000D\000e\000t\000a\000i\000l\000e\000d\000\040\000D\000e\000s\000c\000r\000i\000p\000t\000i\000o\000n}{section.5.1}% 12
\BOOKMARK [2][-]{subsection.5.1.2}{\376\377\0005\000.\0001\000.\0002\000\040\000M\000e\000m\000b\000e\000r\000\040\000F\000u\000n\000c\000t\000i\000o\000n\000\040\000D\000o\000c\000u\000m\000e\000n\000t\000a\000t\000i\000o\000n}{section.5.1}% 13
\BOOKMARK [3][-]{subsubsection.5.1.2.1}{\376\377\0005\000.\0001\000.\0002\000.\0001\000\040\000D\000i\000s\000p\000o\000s\000e\000\050\000\051}{subsection.5.1.2}% 14
\BOOKMARK [3][-]{subsubsection.5.1.2.2}{\376\377\0005\000.\0001\000.\0002\000.\0002\000\040\000S\000e\000t\000S\000h\000a\000d\000e\000r\000P\000a\000r\000a\000m\000e\000t\000e\000r\000s\000\050\000\051}{subsection.5.1.2}% 15
\BOOKMARK [1][-]{section.5.2}{\376\377\0005\000.\0002\000\040\000S\000a\000d\000S\000a\000p\000p\000h\000i\000c\000G\000a\000m\000e\000s\000.\000N\000o\000i\000s\000e\000G\000e\000n\000e\000r\000a\000t\000o\000r\000s\000.\000A\000b\000s\000t\000r\000a\000c\000t\000N\000o\000i\000s\000e\000G\000e\000n\000e\000r\000a\000t\000o\000r\000\040\000C\000l\000a\000s\000s\000\040\000R\000e\000f\000e\000r\000e\000n\000c\000e}{chapter.5}% 16
\BOOKMARK [2][-]{subsection.5.2.1}{\376\377\0005\000.\0002\000.\0001\000\040\000D\000e\000t\000a\000i\000l\000e\000d\000\040\000D\000e\000s\000c\000r\000i\000p\000t\000i\000o\000n}{section.5.2}% 17
\BOOKMARK [2][-]{subsection.5.2.2}{\376\377\0005\000.\0002\000.\0002\000\040\000M\000e\000m\000b\000e\000r\000\040\000F\000u\000n\000c\000t\000i\000o\000n\000\040\000D\000o\000c\000u\000m\000e\000n\000t\000a\000t\000i\000o\000n}{section.5.2}% 18
\BOOKMARK [3][-]{subsubsection.5.2.2.1}{\376\377\0005\000.\0002\000.\0002\000.\0001\000\040\000I\000n\000n\000e\000r\000G\000e\000n\000e\000r\000a\000t\000e\000T\000e\000x\000t\000u\000r\000e\000\050\000\051}{subsection.5.2.2}% 19
\BOOKMARK [3][-]{subsubsection.5.2.2.2}{\376\377\0005\000.\0002\000.\0002\000.\0002\000\040\000S\000e\000t\000S\000h\000a\000d\000e\000r\000P\000a\000r\000a\000m\000e\000t\000e\000r\000s\000\050\000\051}{subsection.5.2.2}% 20
\BOOKMARK [1][-]{section.5.3}{\376\377\0005\000.\0003\000\040\000S\000a\000d\000S\000a\000p\000p\000h\000i\000c\000G\000a\000m\000e\000s\000.\000N\000o\000i\000s\000e\000G\000e\000n\000e\000r\000a\000t\000o\000r\000s\000.\000A\000b\000s\000t\000r\000a\000c\000t\000N\000o\000i\000s\000e\000G\000e\000n\000e\000r\000a\000t\000o\000r\000C\000o\000m\000p\000o\000n\000e\000n\000t\000\040\000C\000l\000a\000s\000s\000\040\000R\000e\000f\000e\000r\000e\000n\000c\000e}{chapter.5}% 21
\BOOKMARK [2][-]{subsection.5.3.1}{\376\377\0005\000.\0003\000.\0001\000\040\000D\000e\000t\000a\000i\000l\000e\000d\000\040\000D\000e\000s\000c\000r\000i\000p\000t\000i\000o\000n}{section.5.3}% 22
\BOOKMARK [2][-]{subsection.5.3.2}{\376\377\0005\000.\0003\000.\0002\000\040\000M\000e\000m\000b\000e\000r\000\040\000F\000u\000n\000c\000t\000i\000o\000n\000\040\000D\000o\000c\000u\000m\000e\000n\000t\000a\000t\000i\000o\000n}{section.5.3}% 23
\BOOKMARK [3][-]{subsubsection.5.3.2.1}{\376\377\0005\000.\0003\000.\0002\000.\0001\000\040\000C\000r\000e\000a\000t\000e\000G\000e\000n\000e\000r\000a\000t\000o\000r\000O\000b\000j\000e\000c\000t\000\050\000\051}{subsection.5.3.2}% 24
\BOOKMARK [1][-]{section.5.4}{\376\377\0005\000.\0004\000\040\000S\000a\000d\000S\000a\000p\000p\000h\000i\000c\000G\000a\000m\000e\000s\000.\000N\000o\000i\000s\000e\000G\000e\000n\000e\000r\000a\000t\000o\000r\000s\000.\000F\000r\000a\000c\000t\000a\000l\000N\000o\000i\000s\000e\000G\000e\000n\000e\000r\000a\000t\000o\000r\000\040\000C\000l\000a\000s\000s\000\040\000R\000e\000f\000e\000r\000e\000n\000c\000e}{chapter.5}% 25
\BOOKMARK [2][-]{subsection.5.4.1}{\376\377\0005\000.\0004\000.\0001\000\040\000D\000e\000t\000a\000i\000l\000e\000d\000\040\000D\000e\000s\000c\000r\000i\000p\000t\000i\000o\000n}{section.5.4}% 26
\BOOKMARK [2][-]{subsection.5.4.2}{\376\377\0005\000.\0004\000.\0002\000\040\000C\000o\000n\000s\000t\000r\000u\000c\000t\000o\000r\000\040\000\046\000\040\000D\000e\000s\000t\000r\000u\000c\000t\000o\000r\000\040\000D\000o\000c\000u\000m\000e\000n\000t\000a\000t\000i\000o\000n}{section.5.4}% 27
\BOOKMARK [3][-]{subsubsection.5.4.2.1}{\376\377\0005\000.\0004\000.\0002\000.\0001\000\040\000F\000r\000a\000c\000t\000a\000l\000N\000o\000i\000s\000e\000G\000e\000n\000e\000r\000a\000t\000o\000r\000\050\000\051\000\040\000[\0001\000/\0002\000]}{subsection.5.4.2}% 28
\BOOKMARK [3][-]{subsubsection.5.4.2.2}{\376\377\0005\000.\0004\000.\0002\000.\0002\000\040\000F\000r\000a\000c\000t\000a\000l\000N\000o\000i\000s\000e\000G\000e\000n\000e\000r\000a\000t\000o\000r\000\050\000\051\000\040\000[\0002\000/\0002\000]}{subsection.5.4.2}% 29
\BOOKMARK [2][-]{subsection.5.4.3}{\376\377\0005\000.\0004\000.\0003\000\040\000M\000e\000m\000b\000e\000r\000\040\000F\000u\000n\000c\000t\000i\000o\000n\000\040\000D\000o\000c\000u\000m\000e\000n\000t\000a\000t\000i\000o\000n}{section.5.4}% 30
\BOOKMARK [3][-]{subsubsection.5.4.3.1}{\376\377\0005\000.\0004\000.\0003\000.\0001\000\040\000D\000i\000s\000p\000o\000s\000e\000\050\000\051}{subsection.5.4.3}% 31
\BOOKMARK [3][-]{subsubsection.5.4.3.2}{\376\377\0005\000.\0004\000.\0003\000.\0002\000\040\000G\000e\000n\000e\000r\000a\000t\000e\000T\000e\000x\000t\000u\000r\000e\000\050\000\051}{subsection.5.4.3}% 32
\BOOKMARK [3][-]{subsubsection.5.4.3.3}{\376\377\0005\000.\0004\000.\0003\000.\0003\000\040\000I\000n\000n\000e\000r\000G\000e\000n\000e\000r\000a\000t\000e\000T\000e\000x\000t\000u\000r\000e\000\050\000\051}{subsection.5.4.3}% 33
\BOOKMARK [3][-]{subsubsection.5.4.3.4}{\376\377\0005\000.\0004\000.\0003\000.\0004\000\040\000S\000e\000t\000S\000h\000a\000d\000e\000r\000P\000a\000r\000a\000m\000e\000t\000e\000r\000s\000\050\000\051}{subsection.5.4.3}% 34
\BOOKMARK [1][-]{section.5.5}{\376\377\0005\000.\0005\000\040\000S\000a\000d\000S\000a\000p\000p\000h\000i\000c\000G\000a\000m\000e\000s\000.\000N\000o\000i\000s\000e\000G\000e\000n\000e\000r\000a\000t\000o\000r\000s\000.\000F\000r\000a\000c\000t\000a\000l\000N\000o\000i\000s\000e\000G\000e\000n\000e\000r\000a\000t\000o\000r\000C\000o\000m\000p\000o\000n\000e\000n\000t\000\040\000C\000l\000a\000s\000s\000\040\000R\000e\000f\000e\000r\000e\000n\000c\000e}{chapter.5}% 35
\BOOKMARK [2][-]{subsection.5.5.1}{\376\377\0005\000.\0005\000.\0001\000\040\000D\000e\000t\000a\000i\000l\000e\000d\000\040\000D\000e\000s\000c\000r\000i\000p\000t\000i\000o\000n}{section.5.5}% 36
\BOOKMARK [2][-]{subsection.5.5.2}{\376\377\0005\000.\0005\000.\0002\000\040\000M\000e\000m\000b\000e\000r\000\040\000F\000u\000n\000c\000t\000i\000o\000n\000\040\000D\000o\000c\000u\000m\000e\000n\000t\000a\000t\000i\000o\000n}{section.5.5}% 37
\BOOKMARK [3][-]{subsubsection.5.5.2.1}{\376\377\0005\000.\0005\000.\0002\000.\0001\000\040\000C\000r\000e\000a\000t\000e\000G\000e\000n\000e\000r\000a\000t\000o\000r\000O\000b\000j\000e\000c\000t\000\050\000\051}{subsection.5.5.2}% 38
\BOOKMARK [3][-]{subsubsection.5.5.2.2}{\376\377\0005\000.\0005\000.\0002\000.\0002\000\040\000D\000i\000s\000p\000o\000s\000e\000\050\000\051}{subsection.5.5.2}% 39
\BOOKMARK [3][-]{subsubsection.5.5.2.3}{\376\377\0005\000.\0005\000.\0002\000.\0003\000\040\000U\000p\000d\000a\000t\000e\000G\000e\000n\000e\000r\000a\000t\000o\000r\000S\000e\000t\000t\000i\000n\000g\000s\000\050\000\051}{subsection.5.5.2}% 40
\BOOKMARK [1][-]{section.5.6}{\376\377\0005\000.\0006\000\040\000S\000a\000d\000S\000a\000p\000p\000h\000i\000c\000G\000a\000m\000e\000s\000.\000N\000o\000i\000s\000e\000G\000e\000n\000e\000r\000a\000t\000o\000r\000s\000.\000N\000o\000i\000s\000e\000T\000e\000x\000t\000u\000r\000e\000D\000i\000s\000p\000l\000a\000y\000\040\000C\000l\000a\000s\000s\000\040\000R\000e\000f\000e\000r\000e\000n\000c\000e}{chapter.5}% 41
\BOOKMARK [2][-]{subsection.5.6.1}{\376\377\0005\000.\0006\000.\0001\000\040\000D\000e\000t\000a\000i\000l\000e\000d\000\040\000D\000e\000s\000c\000r\000i\000p\000t\000i\000o\000n}{section.5.6}% 42
\BOOKMARK [1][-]{section.5.7}{\376\377\0005\000.\0007\000\040\000S\000a\000d\000S\000a\000p\000p\000h\000i\000c\000G\000a\000m\000e\000s\000.\000N\000o\000i\000s\000e\000G\000e\000n\000e\000r\000a\000t\000o\000r\000s\000.\000P\000e\000r\000l\000i\000n\000N\000o\000i\000s\000e\000G\000e\000n\000e\000r\000a\000t\000o\000r\000\040\000C\000l\000a\000s\000s\000\040\000R\000e\000f\000e\000r\000e\000n\000c\000e}{chapter.5}% 43
\BOOKMARK [2][-]{subsection.5.7.1}{\376\377\0005\000.\0007\000.\0001\000\040\000D\000e\000t\000a\000i\000l\000e\000d\000\040\000D\000e\000s\000c\000r\000i\000p\000t\000i\000o\000n}{section.5.7}% 44
\BOOKMARK [2][-]{subsection.5.7.2}{\376\377\0005\000.\0007\000.\0002\000\040\000C\000o\000n\000s\000t\000r\000u\000c\000t\000o\000r\000\040\000\046\000\040\000D\000e\000s\000t\000r\000u\000c\000t\000o\000r\000\040\000D\000o\000c\000u\000m\000e\000n\000t\000a\000t\000i\000o\000n}{section.5.7}% 45
\BOOKMARK [3][-]{subsubsection.5.7.2.1}{\376\377\0005\000.\0007\000.\0002\000.\0001\000\040\000P\000e\000r\000l\000i\000n\000N\000o\000i\000s\000e\000G\000e\000n\000e\000r\000a\000t\000o\000r\000\050\000\051}{subsection.5.7.2}% 46
\BOOKMARK [2][-]{subsection.5.7.3}{\376\377\0005\000.\0007\000.\0003\000\040\000M\000e\000m\000b\000e\000r\000\040\000F\000u\000n\000c\000t\000i\000o\000n\000\040\000D\000o\000c\000u\000m\000e\000n\000t\000a\000t\000i\000o\000n}{section.5.7}% 47
\BOOKMARK [3][-]{subsubsection.5.7.3.1}{\376\377\0005\000.\0007\000.\0003\000.\0001\000\040\000G\000e\000n\000e\000r\000a\000t\000e\000T\000e\000x\000t\000u\000r\000e\000\050\000\051}{subsection.5.7.3}% 48
\BOOKMARK [3][-]{subsubsection.5.7.3.2}{\376\377\0005\000.\0007\000.\0003\000.\0002\000\040\000I\000n\000n\000e\000r\000G\000e\000n\000e\000r\000a\000t\000e\000T\000e\000x\000t\000u\000r\000e\000\050\000\051}{subsection.5.7.3}% 49
\BOOKMARK [1][-]{section.5.8}{\376\377\0005\000.\0008\000\040\000S\000a\000d\000S\000a\000p\000p\000h\000i\000c\000G\000a\000m\000e\000s\000.\000N\000o\000i\000s\000e\000G\000e\000n\000e\000r\000a\000t\000o\000r\000s\000.\000P\000e\000r\000l\000i\000n\000N\000o\000i\000s\000e\000G\000e\000n\000e\000r\000a\000t\000o\000r\000C\000o\000m\000p\000o\000n\000e\000n\000t\000\040\000C\000l\000a\000s\000s\000\040\000R\000e\000f\000e\000r\000e\000n\000c\000e}{chapter.5}% 50
\BOOKMARK [2][-]{subsection.5.8.1}{\376\377\0005\000.\0008\000.\0001\000\040\000D\000e\000t\000a\000i\000l\000e\000d\000\040\000D\000e\000s\000c\000r\000i\000p\000t\000i\000o\000n}{section.5.8}% 51
\BOOKMARK [2][-]{subsection.5.8.2}{\376\377\0005\000.\0008\000.\0002\000\040\000M\000e\000m\000b\000e\000r\000\040\000F\000u\000n\000c\000t\000i\000o\000n\000\040\000D\000o\000c\000u\000m\000e\000n\000t\000a\000t\000i\000o\000n}{section.5.8}% 52
\BOOKMARK [3][-]{subsubsection.5.8.2.1}{\376\377\0005\000.\0008\000.\0002\000.\0001\000\040\000C\000r\000e\000a\000t\000e\000G\000e\000n\000e\000r\000a\000t\000o\000r\000O\000b\000j\000e\000c\000t\000\050\000\051}{subsection.5.8.2}% 53
\BOOKMARK [3][-]{subsubsection.5.8.2.2}{\376\377\0005\000.\0008\000.\0002\000.\0002\000\040\000U\000p\000d\000a\000t\000e\000G\000e\000n\000e\000r\000a\000t\000o\000r\000S\000e\000t\000t\000i\000n\000g\000s\000\050\000\051}{subsection.5.8.2}% 54
\BOOKMARK [1][-]{section.5.9}{\376\377\0005\000.\0009\000\040\000S\000a\000d\000S\000a\000p\000p\000h\000i\000c\000G\000a\000m\000e\000s\000.\000N\000o\000i\000s\000e\000G\000e\000n\000e\000r\000a\000t\000o\000r\000s\000.\000R\000a\000n\000d\000o\000m\000N\000o\000i\000s\000e\000G\000e\000n\000e\000r\000a\000t\000o\000r\000\040\000C\000l\000a\000s\000s\000\040\000R\000e\000f\000e\000r\000e\000n\000c\000e}{chapter.5}% 55
\BOOKMARK [2][-]{subsection.5.9.1}{\376\377\0005\000.\0009\000.\0001\000\040\000D\000e\000t\000a\000i\000l\000e\000d\000\040\000D\000e\000s\000c\000r\000i\000p\000t\000i\000o\000n}{section.5.9}% 56
\BOOKMARK [2][-]{subsection.5.9.2}{\376\377\0005\000.\0009\000.\0002\000\040\000C\000o\000n\000s\000t\000r\000u\000c\000t\000o\000r\000\040\000\046\000\040\000D\000e\000s\000t\000r\000u\000c\000t\000o\000r\000\040\000D\000o\000c\000u\000m\000e\000n\000t\000a\000t\000i\000o\000n}{section.5.9}% 57
\BOOKMARK [3][-]{subsubsection.5.9.2.1}{\376\377\0005\000.\0009\000.\0002\000.\0001\000\040\000R\000a\000n\000d\000o\000m\000N\000o\000i\000s\000e\000G\000e\000n\000e\000r\000a\000t\000o\000r\000\050\000\051}{subsection.5.9.2}% 58
\BOOKMARK [2][-]{subsection.5.9.3}{\376\377\0005\000.\0009\000.\0003\000\040\000M\000e\000m\000b\000e\000r\000\040\000F\000u\000n\000c\000t\000i\000o\000n\000\040\000D\000o\000c\000u\000m\000e\000n\000t\000a\000t\000i\000o\000n}{section.5.9}% 59
\BOOKMARK [3][-]{subsubsection.5.9.3.1}{\376\377\0005\000.\0009\000.\0003\000.\0001\000\040\000G\000e\000n\000e\000r\000a\000t\000e\000T\000e\000x\000t\000u\000r\000e\000\050\000\051}{subsection.5.9.3}% 60
\BOOKMARK [3][-]{subsubsection.5.9.3.2}{\376\377\0005\000.\0009\000.\0003\000.\0002\000\040\000I\000n\000n\000e\000r\000G\000e\000n\000e\000r\000a\000t\000e\000T\000e\000x\000t\000u\000r\000e\000\050\000\051}{subsection.5.9.3}% 61
\BOOKMARK [1][-]{section.5.10}{\376\377\0005\000.\0001\0000\000\040\000S\000a\000d\000S\000a\000p\000p\000h\000i\000c\000G\000a\000m\000e\000s\000.\000N\000o\000i\000s\000e\000G\000e\000n\000e\000r\000a\000t\000o\000r\000s\000.\000R\000a\000n\000d\000o\000m\000N\000o\000i\000s\000e\000G\000e\000n\000e\000r\000a\000t\000o\000r\000C\000o\000m\000p\000o\000n\000e\000n\000t\000\040\000C\000l\000a\000s\000s\000\040\000R\000e\000f\000e\000r\000e\000n\000c\000e}{chapter.5}% 62
\BOOKMARK [2][-]{subsection.5.10.1}{\376\377\0005\000.\0001\0000\000.\0001\000\040\000D\000e\000t\000a\000i\000l\000e\000d\000\040\000D\000e\000s\000c\000r\000i\000p\000t\000i\000o\000n}{section.5.10}% 63
\BOOKMARK [2][-]{subsection.5.10.2}{\376\377\0005\000.\0001\0000\000.\0002\000\040\000M\000e\000m\000b\000e\000r\000\040\000F\000u\000n\000c\000t\000i\000o\000n\000\040\000D\000o\000c\000u\000m\000e\000n\000t\000a\000t\000i\000o\000n}{section.5.10}% 64
\BOOKMARK [3][-]{subsubsection.5.10.2.1}{\376\377\0005\000.\0001\0000\000.\0002\000.\0001\000\040\000C\000r\000e\000a\000t\000e\000G\000e\000n\000e\000r\000a\000t\000o\000r\000O\000b\000j\000e\000c\000t\000\050\000\051}{subsection.5.10.2}% 65
\BOOKMARK [1][-]{section.5.11}{\376\377\0005\000.\0001\0001\000\040\000S\000a\000d\000S\000a\000p\000p\000h\000i\000c\000G\000a\000m\000e\000s\000.\000N\000o\000i\000s\000e\000G\000e\000n\000e\000r\000a\000t\000o\000r\000s\000.\000V\000a\000l\000u\000e\000N\000o\000i\000s\000e\000G\000e\000n\000e\000r\000a\000t\000o\000r\000\040\000C\000l\000a\000s\000s\000\040\000R\000e\000f\000e\000r\000e\000n\000c\000e}{chapter.5}% 66
\BOOKMARK [2][-]{subsection.5.11.1}{\376\377\0005\000.\0001\0001\000.\0001\000\040\000D\000e\000t\000a\000i\000l\000e\000d\000\040\000D\000e\000s\000c\000r\000i\000p\000t\000i\000o\000n}{section.5.11}% 67
\BOOKMARK [2][-]{subsection.5.11.2}{\376\377\0005\000.\0001\0001\000.\0002\000\040\000C\000o\000n\000s\000t\000r\000u\000c\000t\000o\000r\000\040\000\046\000\040\000D\000e\000s\000t\000r\000u\000c\000t\000o\000r\000\040\000D\000o\000c\000u\000m\000e\000n\000t\000a\000t\000i\000o\000n}{section.5.11}% 68
\BOOKMARK [3][-]{subsubsection.5.11.2.1}{\376\377\0005\000.\0001\0001\000.\0002\000.\0001\000\040\000V\000a\000l\000u\000e\000N\000o\000i\000s\000e\000G\000e\000n\000e\000r\000a\000t\000o\000r\000\050\000\051}{subsection.5.11.2}% 69
\BOOKMARK [2][-]{subsection.5.11.3}{\376\377\0005\000.\0001\0001\000.\0003\000\040\000M\000e\000m\000b\000e\000r\000\040\000F\000u\000n\000c\000t\000i\000o\000n\000\040\000D\000o\000c\000u\000m\000e\000n\000t\000a\000t\000i\000o\000n}{section.5.11}% 70
\BOOKMARK [3][-]{subsubsection.5.11.3.1}{\376\377\0005\000.\0001\0001\000.\0003\000.\0001\000\040\000G\000e\000n\000e\000r\000a\000t\000e\000T\000e\000x\000t\000u\000r\000e\000\050\000\051}{subsection.5.11.3}% 71
\BOOKMARK [3][-]{subsubsection.5.11.3.2}{\376\377\0005\000.\0001\0001\000.\0003\000.\0002\000\040\000I\000n\000n\000e\000r\000G\000e\000n\000e\000r\000a\000t\000e\000T\000e\000x\000t\000u\000r\000e\000\050\000\051}{subsection.5.11.3}% 72
\BOOKMARK [1][-]{section.5.12}{\376\377\0005\000.\0001\0002\000\040\000S\000a\000d\000S\000a\000p\000p\000h\000i\000c\000G\000a\000m\000e\000s\000.\000N\000o\000i\000s\000e\000G\000e\000n\000e\000r\000a\000t\000o\000r\000s\000.\000V\000a\000l\000u\000e\000N\000o\000i\000s\000e\000G\000e\000n\000e\000r\000a\000t\000o\000r\000C\000o\000m\000p\000o\000n\000e\000n\000t\000\040\000C\000l\000a\000s\000s\000\040\000R\000e\000f\000e\000r\000e\000n\000c\000e}{chapter.5}% 73
\BOOKMARK [2][-]{subsection.5.12.1}{\376\377\0005\000.\0001\0002\000.\0001\000\040\000D\000e\000t\000a\000i\000l\000e\000d\000\040\000D\000e\000s\000c\000r\000i\000p\000t\000i\000o\000n}{section.5.12}% 74
\BOOKMARK [2][-]{subsection.5.12.2}{\376\377\0005\000.\0001\0002\000.\0002\000\040\000M\000e\000m\000b\000e\000r\000\040\000F\000u\000n\000c\000t\000i\000o\000n\000\040\000D\000o\000c\000u\000m\000e\000n\000t\000a\000t\000i\000o\000n}{section.5.12}% 75
\BOOKMARK [3][-]{subsubsection.5.12.2.1}{\376\377\0005\000.\0001\0002\000.\0002\000.\0001\000\040\000C\000r\000e\000a\000t\000e\000G\000e\000n\000e\000r\000a\000t\000o\000r\000O\000b\000j\000e\000c\000t\000\050\000\051}{subsection.5.12.2}% 76
\BOOKMARK [3][-]{subsubsection.5.12.2.2}{\376\377\0005\000.\0001\0002\000.\0002\000.\0002\000\040\000U\000p\000d\000a\000t\000e\000G\000e\000n\000e\000r\000a\000t\000o\000r\000S\000e\000t\000t\000i\000n\000g\000s\000\050\000\051}{subsection.5.12.2}% 77
\BOOKMARK [1][-]{section.5.13}{\376\377\0005\000.\0001\0003\000\040\000S\000a\000d\000S\000a\000p\000p\000h\000i\000c\000G\000a\000m\000e\000s\000.\000N\000o\000i\000s\000e\000G\000e\000n\000e\000r\000a\000t\000o\000r\000s\000.\000W\000o\000r\000l\000e\000y\000N\000o\000i\000s\000e\000G\000e\000n\000e\000r\000a\000t\000o\000r\000\040\000C\000l\000a\000s\000s\000\040\000R\000e\000f\000e\000r\000e\000n\000c\000e}{chapter.5}% 78
\BOOKMARK [2][-]{subsection.5.13.1}{\376\377\0005\000.\0001\0003\000.\0001\000\040\000D\000e\000t\000a\000i\000l\000e\000d\000\040\000D\000e\000s\000c\000r\000i\000p\000t\000i\000o\000n}{section.5.13}% 79
\BOOKMARK [2][-]{subsection.5.13.2}{\376\377\0005\000.\0001\0003\000.\0002\000\040\000C\000o\000n\000s\000t\000r\000u\000c\000t\000o\000r\000\040\000\046\000\040\000D\000e\000s\000t\000r\000u\000c\000t\000o\000r\000\040\000D\000o\000c\000u\000m\000e\000n\000t\000a\000t\000i\000o\000n}{section.5.13}% 80
\BOOKMARK [3][-]{subsubsection.5.13.2.1}{\376\377\0005\000.\0001\0003\000.\0002\000.\0001\000\040\000W\000o\000r\000l\000e\000y\000N\000o\000i\000s\000e\000G\000e\000n\000e\000r\000a\000t\000o\000r\000\050\000\051}{subsection.5.13.2}% 81
\BOOKMARK [2][-]{subsection.5.13.3}{\376\377\0005\000.\0001\0003\000.\0003\000\040\000M\000e\000m\000b\000e\000r\000\040\000F\000u\000n\000c\000t\000i\000o\000n\000\040\000D\000o\000c\000u\000m\000e\000n\000t\000a\000t\000i\000o\000n}{section.5.13}% 82
\BOOKMARK [3][-]{subsubsection.5.13.3.1}{\376\377\0005\000.\0001\0003\000.\0003\000.\0001\000\040\000D\000i\000s\000p\000o\000s\000e\000\050\000\051}{subsection.5.13.3}% 83
\BOOKMARK [3][-]{subsubsection.5.13.3.2}{\376\377\0005\000.\0001\0003\000.\0003\000.\0002\000\040\000G\000e\000n\000e\000r\000a\000t\000e\000T\000e\000x\000t\000u\000r\000e\000\050\000\051}{subsection.5.13.3}% 84
\BOOKMARK [3][-]{subsubsection.5.13.3.3}{\376\377\0005\000.\0001\0003\000.\0003\000.\0003\000\040\000I\000n\000n\000e\000r\000G\000e\000n\000e\000r\000a\000t\000e\000T\000e\000x\000t\000u\000r\000e\000\050\000\051}{subsection.5.13.3}% 85
\BOOKMARK [3][-]{subsubsection.5.13.3.4}{\376\377\0005\000.\0001\0003\000.\0003\000.\0004\000\040\000S\000e\000t\000S\000h\000a\000d\000e\000r\000P\000a\000r\000a\000m\000e\000t\000e\000r\000s\000\050\000\051}{subsection.5.13.3}% 86
\BOOKMARK [1][-]{section.5.14}{\376\377\0005\000.\0001\0004\000\040\000S\000a\000d\000S\000a\000p\000p\000h\000i\000c\000G\000a\000m\000e\000s\000.\000N\000o\000i\000s\000e\000G\000e\000n\000e\000r\000a\000t\000o\000r\000s\000.\000W\000o\000r\000l\000e\000y\000N\000o\000i\000s\000e\000G\000e\000n\000e\000r\000a\000t\000o\000r\000C\000o\000m\000p\000o\000n\000e\000n\000t\000\040\000C\000l\000a\000s\000s\000\040\000R\000e\000f\000e\000r\000e\000n\000c\000e}{chapter.5}% 87
\BOOKMARK [2][-]{subsection.5.14.1}{\376\377\0005\000.\0001\0004\000.\0001\000\040\000D\000e\000t\000a\000i\000l\000e\000d\000\040\000D\000e\000s\000c\000r\000i\000p\000t\000i\000o\000n}{section.5.14}% 88
\BOOKMARK [2][-]{subsection.5.14.2}{\376\377\0005\000.\0001\0004\000.\0002\000\040\000M\000e\000m\000b\000e\000r\000\040\000F\000u\000n\000c\000t\000i\000o\000n\000\040\000D\000o\000c\000u\000m\000e\000n\000t\000a\000t\000i\000o\000n}{section.5.14}% 89
\BOOKMARK [3][-]{subsubsection.5.14.2.1}{\376\377\0005\000.\0001\0004\000.\0002\000.\0001\000\040\000C\000r\000e\000a\000t\000e\000G\000e\000n\000e\000r\000a\000t\000o\000r\000O\000b\000j\000e\000c\000t\000\050\000\051}{subsection.5.14.2}% 90
\BOOKMARK [3][-]{subsubsection.5.14.2.2}{\376\377\0005\000.\0001\0004\000.\0002\000.\0002\000\040\000U\000p\000d\000a\000t\000e\000G\000e\000n\000e\000r\000a\000t\000o\000r\000S\000e\000t\000t\000i\000n\000g\000s\000\050\000\051}{subsection.5.14.2}% 91
\BOOKMARK [0][-]{section*.68}{\376\377\000I\000n\000d\000e\000x}{}% 92
