This is pdfTeX, Version 3.141592653-2.6-1.40.24 (TeX Live 2022) (preloaded format=pdflatex 2022.5.3)  30 OCT 2022 11:44
entering extended mode
 restricted \write18 enabled.
 %&-line parsing enabled.
**refman
(./refman.tex
LaTeX2e <2021-11-15> patch level 1
L3 programming layer <2022-04-29>
(c:/texlive/2022/texmf-dist/tex/latex/base/book.cls
Document Class: book 2021/10/04 v1.4n Standard LaTeX document class
(c:/texlive/2022/texmf-dist/tex/latex/base/bk10.clo
File: bk10.clo 2021/10/04 v1.4n Standard LaTeX file (size option)
)
\c@part=\count185
\c@chapter=\count186
\c@section=\count187
\c@subsection=\count188
\c@subsubsection=\count189
\c@paragraph=\count190
\c@subparagraph=\count191
\c@figure=\count192
\c@table=\count193
\abovecaptionskip=\skip47
\belowcaptionskip=\skip48
\bibindent=\dimen138
)
(c:/texlive/2022/texmf-dist/tex/latex/base/ifthen.sty
Package: ifthen 2020/11/24 v1.1c Standard LaTeX ifthen package (DPC)
)
(c:/texlive/2022/texmf-dist/tex/latex/tools/array.sty
Rollback for package 'array' requested -> date 2016-10-06.
         Best approximation is the release introduced on 2016-10-06.

(c:/texlive/2022/texmf-dist/tex/latex/tools/array-2016-10-06.sty
Package: array 2016/10/06 v2.4d Tabular extension package (FMi)
\col@sep=\dimen139
\extrarowheight=\dimen140
\NC@list=\toks16
\extratabsurround=\skip49
\backup@length=\skip50
))
(c:/texlive/2022/texmf-dist/tex/latex/base/fixltx2e.sty
Package: fixltx2e 2016/12/29 v2.1a fixes to LaTeX (obsolete)
Applying: [2015/01/01] Old fixltx2e package on input line 46.


Package fixltx2e Warning: fixltx2e is not required with releases after 2015
(fixltx2e)                All fixes are now in the LaTeX kernel.
(fixltx2e)                See the latexrelease package for details.

Already applied: [0000/00/00] Old fixltx2e package on input line 53.
) (./doxygen.sty
Package: doxygen 
 (c:/texlive/2022/texmf-dist/tex/latex/base/alltt.sty
Package: alltt 2021/01/29 v2.0g defines alltt environment
)
(c:/texlive/2022/texmf-dist/tex/latex/tools/calc.sty
Package: calc 2017/05/25 v4.3 Infix arithmetic (KKT,FJ)
\calc@Acount=\count194
\calc@Bcount=\count195
\calc@Adimen=\dimen141
\calc@Bdimen=\dimen142
\calc@Askip=\skip51
\calc@Bskip=\skip52
LaTeX Info: Redefining \setlength on input line 80.
LaTeX Info: Redefining \addtolength on input line 81.
\calc@Ccount=\count196
\calc@Cskip=\skip53
)
(c:/texlive/2022/texmf-dist/tex/latex/float/float.sty
Package: float 2001/11/08 v1.3d Float enhancements (AL)
\c@float@type=\count197
\float@exts=\toks17
\float@box=\box50
\@float@everytoks=\toks18
\@floatcapt=\box51
)
(c:/texlive/2022/texmf-dist/tex/latex/tools/verbatim.sty
Package: verbatim 2020-07-07 v1.5u LaTeX2e package for verbatim enhancements
\every@verbatim=\toks19
\verbatim@line=\toks20
\verbatim@in@stream=\read2
)
(c:/texlive/2022/texmf-dist/tex/latex/xcolor/xcolor.sty
Package: xcolor 2021/10/31 v2.13 LaTeX color extensions (UK)

(c:/texlive/2022/texmf-dist/tex/latex/graphics-cfg/color.cfg
File: color.cfg 2016/01/02 v1.6 sample color configuration
)
Package xcolor Info: Driver file: pdftex.def on input line 227.

(c:/texlive/2022/texmf-dist/tex/latex/graphics-def/pdftex.def
File: pdftex.def 2020/10/05 v1.2a Graphics/color driver for pdftex
)
(c:/texlive/2022/texmf-dist/tex/latex/colortbl/colortbl.sty
Package: colortbl 2020/01/04 v1.0e Color table columns (DPC)
\everycr=\toks21
\minrowclearance=\skip54
)
\rownum=\count198
Package xcolor Info: Model `cmy' substituted by `cmy0' on input line 1352.
Package xcolor Info: Model `hsb' substituted by `rgb' on input line 1356.
Package xcolor Info: Model `RGB' extended on input line 1368.
Package xcolor Info: Model `HTML' substituted by `rgb' on input line 1370.
Package xcolor Info: Model `Hsb' substituted by `hsb' on input line 1371.
Package xcolor Info: Model `tHsb' substituted by `hsb' on input line 1372.
Package xcolor Info: Model `HSB' substituted by `hsb' on input line 1373.
Package xcolor Info: Model `Gray' substituted by `gray' on input line 1374.
Package xcolor Info: Model `wave' substituted by `hsb' on input line 1375.
)
(./longtable_doxygen.sty
Package: longtable_doxygen 2014/10/28 v4.11 Multi-page Table package (DPC) - fr
ozen version for doxygen
\LTleft=\skip55
\LTright=\skip56
\LTpre=\skip57
\LTpost=\skip58
\LTchunksize=\count199
\LTcapwidth=\dimen143
\LT@head=\box52
\LT@firsthead=\box53
\LT@foot=\box54
\LT@lastfoot=\box55
\LT@cols=\count266
\LT@rows=\count267
\c@LT@tables=\count268
\c@LT@chunks=\count269
\LT@p@ftn=\toks22
) (./tabu_doxygen.sty
Package: tabu_doxygen 2011/02/26 v2.8 - flexible LaTeX tabulars (FC), frozen ve
rsion for doxygen

(c:/texlive/2022/texmf-dist/tex/latex/varwidth/varwidth.sty
Package: varwidth 2009/03/30 ver 0.92;  Variable-width minipages
\@vwid@box=\box56
\sift@deathcycles=\count270
\@vwid@loff=\dimen144
\@vwid@roff=\dimen145
)
\c@taburow=\count271
\tabu@nbcols=\count272
\tabu@cnt=\count273
\tabu@Xcol=\count274
\tabu@alloc=\count275
\tabu@nested=\count276
\tabu@target=\dimen146
\tabu@spreadtarget=\dimen147
\tabu@naturalX=\dimen148
\tabucolX=\dimen149
\tabu@Xsum=\dimen150
\extrarowdepth=\dimen151
\abovetabulinesep=\dimen152
\belowtabulinesep=\dimen153
\tabustrutrule=\dimen154
\tabu@thebody=\toks23
\tabu@footnotes=\toks24
\tabu@box=\box57
\tabu@arstrutbox=\box58
\tabu@hleads=\box59
\tabu@vleads=\box60
\tabu@cellskip=\skip59
)
(c:/texlive/2022/texmf-dist/tex/latex/fancyvrb/fancyvrb.sty
Package: fancyvrb 2022/04/12 4.2 verbatim text (tvz,hv)

(c:/texlive/2022/texmf-dist/tex/latex/graphics/keyval.sty
Package: keyval 2014/10/28 v1.15 key=value parser (DPC)
\KV@toks@=\toks25
)
\FV@CodeLineNo=\count277
\FV@InFile=\read3
\FV@TabBox=\box61
\c@FancyVerbLine=\count278
\FV@StepNumber=\count279
\FV@OutFile=\write3
)
(c:/texlive/2022/texmf-dist/tex/latex/tools/tabularx.sty
Package: tabularx 2020/01/15 v2.11c `tabularx' package (DPC)
\TX@col@width=\dimen155
\TX@old@table=\dimen156
\TX@old@col=\dimen157
\TX@target=\dimen158
\TX@delta=\dimen159
\TX@cols=\count280
\TX@ftn=\toks26
)
(c:/texlive/2022/texmf-dist/tex/latex/tools/multicol.sty
Package: multicol 2021/10/28 v1.9b multicolumn formatting (FMi)
\c@tracingmulticols=\count281
\mult@box=\box62
\multicol@leftmargin=\dimen160
\c@unbalance=\count282
\c@collectmore=\count283
\doublecol@number=\count284
\multicoltolerance=\count285
\multicolpretolerance=\count286
\full@width=\dimen161
\page@free=\dimen162
\premulticols=\dimen163
\postmulticols=\dimen164
\multicolsep=\skip60
\multicolbaselineskip=\skip61
\partial@page=\box63
\last@line=\box64
\maxbalancingoverflow=\dimen165
\mult@rightbox=\box65
\mult@grightbox=\box66
\mult@firstbox=\box67
\mult@gfirstbox=\box68
\@tempa=\box69
\@tempa=\box70
\@tempa=\box71
\@tempa=\box72
\@tempa=\box73
\@tempa=\box74
\@tempa=\box75
\@tempa=\box76
\@tempa=\box77
\@tempa=\box78
\@tempa=\box79
\@tempa=\box80
\@tempa=\box81
\@tempa=\box82
\@tempa=\box83
\@tempa=\box84
\@tempa=\box85
\@tempa=\box86
\@tempa=\box87
\@tempa=\box88
\@tempa=\box89
\@tempa=\box90
\@tempa=\box91
\@tempa=\box92
\@tempa=\box93
\@tempa=\box94
\@tempa=\box95
\@tempa=\box96
\@tempa=\box97
\@tempa=\box98
\@tempa=\box99
\@tempa=\box100
\@tempa=\box101
\@tempa=\box102
\@tempa=\box103
\@tempa=\box104
\c@minrows=\count287
\c@columnbadness=\count288
\c@finalcolumnbadness=\count289
\last@try=\dimen166
\multicolovershoot=\dimen167
\multicolundershoot=\dimen168
\mult@nat@firstbox=\box105
\colbreak@box=\box106
\mc@col@check@num=\count290
)
(c:/texlive/2022/texmf-dist/tex/latex/multirow/multirow.sty
Package: multirow 2021/03/15 v2.8 Span multiple rows of a table
\multirow@colwidth=\skip62
\multirow@cntb=\count291
\multirow@dima=\skip63
\bigstrutjot=\dimen169
)
(c:/texlive/2022/texmf-dist/tex/latex/hanging/hanging.sty
Package: hanging 2009/09/02 v1.2b hanging paragraphs and punctuation
\h@ngcommawd=\skip64
\h@ngfstopwd=\skip65
\h@ngquotewd=\skip66
\h@ngdquotewd=\skip67
\h@ngquerywd=\skip68
\h@ngexclwd=\skip69
\h@ngcolonwd=\skip70
\h@ngscolonwd=\skip71
)
(c:/texlive/2022/texmf-dist/tex/generic/iftex/ifpdf.sty
Package: ifpdf 2019/10/25 v3.4 ifpdf legacy package. Use iftex instead.

(c:/texlive/2022/texmf-dist/tex/generic/iftex/iftex.sty
Package: iftex 2022/02/03 v1.0f TeX engine tests
))
(c:/texlive/2022/texmf-dist/tex/latex/adjustbox/adjustbox.sty
Package: adjustbox 2020/08/19 v1.3 Adjusting TeX boxes (trim, clip, ...)

(c:/texlive/2022/texmf-dist/tex/latex/xkeyval/xkeyval.sty
Package: xkeyval 2020/11/20 v2.8 package option processing (HA)

(c:/texlive/2022/texmf-dist/tex/generic/xkeyval/xkeyval.tex
(c:/texlive/2022/texmf-dist/tex/generic/xkeyval/xkvutils.tex
\XKV@toks=\toks27
\XKV@tempa@toks=\toks28
)
\XKV@depth=\count292
File: xkeyval.tex 2014/12/03 v2.7a key=value parser (HA)
))
(c:/texlive/2022/texmf-dist/tex/latex/adjustbox/adjcalc.sty
Package: adjcalc 2012/05/16 v1.1 Provides advanced setlength with multiple back
-ends (calc, etex, pgfmath)
)
(c:/texlive/2022/texmf-dist/tex/latex/adjustbox/trimclip.sty
Package: trimclip 2020/08/19 v1.2 Trim and clip general TeX material

(c:/texlive/2022/texmf-dist/tex/latex/graphics/graphicx.sty
Package: graphicx 2021/09/16 v1.2d Enhanced LaTeX Graphics (DPC,SPQR)

(c:/texlive/2022/texmf-dist/tex/latex/graphics/graphics.sty
Package: graphics 2021/03/04 v1.4d Standard LaTeX Graphics (DPC,SPQR)

(c:/texlive/2022/texmf-dist/tex/latex/graphics/trig.sty
Package: trig 2021/08/11 v1.11 sin cos tan (DPC)
)
(c:/texlive/2022/texmf-dist/tex/latex/graphics-cfg/graphics.cfg
File: graphics.cfg 2016/06/04 v1.11 sample graphics configuration
)
Package graphics Info: Driver file: pdftex.def on input line 107.
)
\Gin@req@height=\dimen170
\Gin@req@width=\dimen171
)
(c:/texlive/2022/texmf-dist/tex/latex/collectbox/collectbox.sty
Package: collectbox 2012/05/17 v0.4b Collect macro arguments as boxes
\collectedbox=\box107
)
\tc@llx=\dimen172
\tc@lly=\dimen173
\tc@urx=\dimen174
\tc@ury=\dimen175
Package trimclip Info: Using driver 'tc-pdftex.def'.

(c:/texlive/2022/texmf-dist/tex/latex/adjustbox/tc-pdftex.def
File: tc-pdftex.def 2019/01/04 v2.2 Clipping driver for pdftex
))
\adjbox@Width=\dimen176
\adjbox@Height=\dimen177
\adjbox@Depth=\dimen178
\adjbox@Totalheight=\dimen179
\adjbox@pwidth=\dimen180
\adjbox@pheight=\dimen181
\adjbox@pdepth=\dimen182
\adjbox@ptotalheight=\dimen183

(c:/texlive/2022/texmf-dist/tex/latex/ifoddpage/ifoddpage.sty
Package: ifoddpage 2016/04/23 v1.1 Conditionals for odd/even page detection
\c@checkoddpage=\count293
))
(c:/texlive/2022/texmf-dist/tex/latex/amsfonts/amssymb.sty
Package: amssymb 2013/01/14 v3.01 AMS font symbols

(c:/texlive/2022/texmf-dist/tex/latex/amsfonts/amsfonts.sty
Package: amsfonts 2013/01/14 v3.01 Basic AMSFonts support
\@emptytoks=\toks29
\symAMSa=\mathgroup4
\symAMSb=\mathgroup5
LaTeX Font Info:    Redeclaring math symbol \hbar on input line 98.
LaTeX Font Info:    Overwriting math alphabet `\mathfrak' in version `bold'
(Font)                  U/euf/m/n --> U/euf/b/n on input line 106.
))
(c:/texlive/2022/texmf-dist/tex/latex/stackengine/stackengine.sty
Package: stackengine 2021/07/22 v4.11\ Stacking text and objects in convenient 
ways

(c:/texlive/2022/texmf-dist/tex/latex/etoolbox/etoolbox.sty
Package: etoolbox 2020/10/05 v2.5k e-TeX tools for LaTeX (JAW)
\etb@tempcnta=\count294
)
(c:/texlive/2022/texmf-dist/tex/generic/listofitems/listofitems.sty
(c:/texlive/2022/texmf-dist/tex/generic/listofitems/listofitems.tex
\loi_cnt_foreach_nest=\count295
\loi_nestcnt=\count296
)
Package: listofitems 2019/08/21 v1.63 Grab items in lists using user-specified 
sep char (CT)
)
\c@@stackindex=\count297
\@boxshift=\skip72
\stack@tmplength=\skip73
\temp@stkl=\skip74
\@stackedboxwidth=\skip75
\@addedbox=\box108
\@anchorbox=\box109
\@insetbox=\box110
\se@backgroundbox=\box111
\stackedbox=\box112
\@centerbox=\box113
\c@ROWcellindex@=\count298
)
(c:/texlive/2022/texmf-dist/tex/latex/enumitem/enumitem.sty
Package: enumitem 2019/06/20 v3.9 Customized lists
\labelindent=\skip76
\enit@outerparindent=\dimen184
\enit@toks=\toks30
\enit@inbox=\box114
\enit@count@id=\count299
\enitdp@description=\count300
)
(c:/texlive/2022/texmf-dist/tex/generic/alphalph/alphalph.sty
Package: alphalph 2019/12/09 v2.6 Convert numbers to letters (HO)

(c:/texlive/2022/texmf-dist/tex/generic/infwarerr/infwarerr.sty
Package: infwarerr 2019/12/03 v1.5 Providing info/warning/error messages (HO)
)
(c:/texlive/2022/texmf-dist/tex/generic/intcalc/intcalc.sty
Package: intcalc 2019/12/15 v1.3 Expandable calculations with integers (HO)
))
(c:/texlive/2022/texmf-dist/tex/generic/ulem/ulem.sty
\UL@box=\box115
\UL@hyphenbox=\box116
\UL@skip=\skip77
\UL@hook=\toks31
\UL@height=\dimen185
\UL@pe=\count301
\UL@pixel=\dimen186
\ULC@box=\box117
Package: ulem 2019/11/18
\ULdepth=\dimen187
)
\xrefbox=\box118
\xreflength=\skip78
\CodeWidthChar=\skip79
\CodeHeightChar=\skip80
\DoxyCodeWidth=\skip81
\c@DoxyEnumeratei=\count302
\c@DoxyEnumerateii=\count303
\c@DoxyEnumerateiii=\count304
\c@DoxyEnumerateiv=\count305
\c@DoxyEnumeratev=\count306
\c@DoxyEnumeratevi=\count307
\c@DoxyEnumeratevii=\count308
\c@DoxyEnumerateviii=\count309
\c@DoxyEnumerateix=\count310
\c@DoxyEnumeratex=\count311
\c@DoxyEnumeratexi=\count312
\c@DoxyEnumeratexii=\count313
\enitdp@DoxyEnumerate=\count314
\enitdp@DoxyItemize=\count315
)
(c:/texlive/2022/texmf-dist/tex/latex/base/inputenc.sty
Package: inputenc 2021/02/14 v1.3d Input encoding file
\inpenc@prehook=\toks32
\inpenc@posthook=\toks33
)
(c:/texlive/2022/texmf-dist/tex/latex/base/makeidx.sty
Package: makeidx 2021/10/04 v1.0m Standard LaTeX package
)
(c:/texlive/2022/texmf-dist/tex/latex/base/textcomp.sty
Package: textcomp 2020/02/02 v2.0n Standard LaTeX package
)
(c:/texlive/2022/texmf-dist/tex/latex/wasysym/wasysym.sty
Package: wasysym 2020/01/19 v2.4 Wasy-2 symbol support package
\symwasy=\mathgroup6
LaTeX Font Info:    Overwriting symbol font `wasy' in version `bold'
(Font)                  U/wasy/m/n --> U/wasy/b/n on input line 93.
)
(c:/texlive/2022/texmf-dist/tex/generic/iftex/ifxetex.sty
Package: ifxetex 2019/10/25 v0.7 ifxetex legacy package. Use iftex instead.
)
(c:/texlive/2022/texmf-dist/tex/latex/base/fontenc.sty
Package: fontenc 2021/04/29 v2.0v Standard LaTeX package
)
(c:/texlive/2022/texmf-dist/tex/latex/psnfss/helvet.sty
Package: helvet 2020/03/25 PSNFSS-v9.3 (WaS) 
)
(c:/texlive/2022/texmf-dist/tex/latex/psnfss/courier.sty
Package: courier 2020/03/25 PSNFSS-v9.3 (WaS) 
)
(c:/texlive/2022/texmf-dist/tex/latex/sectsty/sectsty.sty
Package: sectsty 2002/02/25 v2.0.2 Commands to change all sectional heading sty
les


LaTeX Warning: Command \underbar  has changed.
               Check if current package is valid.


LaTeX Warning: Command \underline  has changed.
               Check if current package is valid.

) (c:/texlive/2022/texmf-dist/tex/latex/geometry/geometry.sty
Package: geometry 2020/01/02 v5.9 Page Geometry

(c:/texlive/2022/texmf-dist/tex/generic/iftex/ifvtex.sty
Package: ifvtex 2019/10/25 v1.7 ifvtex legacy package. Use iftex instead.
)
\Gm@cnth=\count316
\Gm@cntv=\count317
\c@Gm@tempcnt=\count318
\Gm@bindingoffset=\dimen188
\Gm@wd@mp=\dimen189
\Gm@odd@mp=\dimen190
\Gm@even@mp=\dimen191
\Gm@layoutwidth=\dimen192
\Gm@layoutheight=\dimen193
\Gm@layouthoffset=\dimen194
\Gm@layoutvoffset=\dimen195
\Gm@dimlist=\toks34
)
(c:/texlive/2022/texmf-dist/tex/latex/fancyhdr/fancyhdr.sty
Package: fancyhdr 2021/01/28 v4.0.1 Extensive control of page headers and foote
rs
\f@nch@headwidth=\skip82
\f@nch@O@elh=\skip83
\f@nch@O@erh=\skip84
\f@nch@O@olh=\skip85
\f@nch@O@orh=\skip86
\f@nch@O@elf=\skip87
\f@nch@O@erf=\skip88
\f@nch@O@olf=\skip89
\f@nch@O@orf=\skip90
)
(c:/texlive/2022/texmf-dist/tex/latex/natbib/natbib.sty
Package: natbib 2010/09/13 8.31b (PWD, AO)
\bibhang=\skip91
\bibsep=\skip92
LaTeX Info: Redefining \cite on input line 694.
\c@NAT@ctr=\count319
)
(c:/texlive/2022/texmf-dist/tex/latex/tocloft/tocloft.sty
Package: tocloft 2017/08/31 v2.3i parameterised ToC, etc., typesetting
Package tocloft Info: The document has chapter divisions on input line 51.
\cftparskip=\skip93
\cftbeforetoctitleskip=\skip94
\cftaftertoctitleskip=\skip95
\cftbeforepartskip=\skip96
\cftpartnumwidth=\skip97
\cftpartindent=\skip98
\cftbeforechapskip=\skip99
\cftchapindent=\skip100
\cftchapnumwidth=\skip101
\cftbeforesecskip=\skip102
\cftsecindent=\skip103
\cftsecnumwidth=\skip104
\cftbeforesubsecskip=\skip105
\cftsubsecindent=\skip106
\cftsubsecnumwidth=\skip107
\cftbeforesubsubsecskip=\skip108
\cftsubsubsecindent=\skip109
\cftsubsubsecnumwidth=\skip110
\cftbeforeparaskip=\skip111
\cftparaindent=\skip112
\cftparanumwidth=\skip113
\cftbeforesubparaskip=\skip114
\cftsubparaindent=\skip115
\cftsubparanumwidth=\skip116
\cftbeforeloftitleskip=\skip117
\cftafterloftitleskip=\skip118
\cftbeforefigskip=\skip119
\cftfigindent=\skip120
\cftfignumwidth=\skip121
\c@lofdepth=\count320
\c@lotdepth=\count321
\cftbeforelottitleskip=\skip122
\cftafterlottitleskip=\skip123
\cftbeforetabskip=\skip124
\cfttabindent=\skip125
\cfttabnumwidth=\skip126
)
\@indexfile=\write4
\openout4 = `refman.idx'.


Writing index file refman.idx
(c:/texlive/2022/texmf-dist/tex/latex/newunicodechar/newunicodechar.sty
Package: newunicodechar 2018/04/08 v1.2 Defining Unicode characters
)

Package newunicodechar Warning: Redefining Unicode character on input line 116.



Package newunicodechar Warning: Redefining Unicode character on input line 117.


(c:/texlive/2022/texmf-dist/tex/latex/hyperref/hyperref.sty
Package: hyperref 2022-02-21 v7.00n Hypertext links for LaTeX

(c:/texlive/2022/texmf-dist/tex/generic/ltxcmds/ltxcmds.sty
Package: ltxcmds 2020-05-10 v1.25 LaTeX kernel commands for general use (HO)
)
(c:/texlive/2022/texmf-dist/tex/generic/pdftexcmds/pdftexcmds.sty
Package: pdftexcmds 2020-06-27 v0.33 Utility functions of pdfTeX for LuaTeX (HO
)
Package pdftexcmds Info: \pdf@primitive is available.
Package pdftexcmds Info: \pdf@ifprimitive is available.
Package pdftexcmds Info: \pdfdraftmode found.
)
(c:/texlive/2022/texmf-dist/tex/generic/kvsetkeys/kvsetkeys.sty
Package: kvsetkeys 2019/12/15 v1.18 Key value parser (HO)
)
(c:/texlive/2022/texmf-dist/tex/generic/kvdefinekeys/kvdefinekeys.sty
Package: kvdefinekeys 2019-12-19 v1.6 Define keys (HO)
)
(c:/texlive/2022/texmf-dist/tex/generic/pdfescape/pdfescape.sty
Package: pdfescape 2019/12/09 v1.15 Implements pdfTeX's escape features (HO)
)
(c:/texlive/2022/texmf-dist/tex/latex/hycolor/hycolor.sty
Package: hycolor 2020-01-27 v1.10 Color options for hyperref/bookmark (HO)
)
(c:/texlive/2022/texmf-dist/tex/latex/letltxmacro/letltxmacro.sty
Package: letltxmacro 2019/12/03 v1.6 Let assignment for LaTeX macros (HO)
)
(c:/texlive/2022/texmf-dist/tex/latex/auxhook/auxhook.sty
Package: auxhook 2019-12-17 v1.6 Hooks for auxiliary files (HO)
)
(c:/texlive/2022/texmf-dist/tex/latex/kvoptions/kvoptions.sty
Package: kvoptions 2020-10-07 v3.14 Key value format for package options (HO)
)
\@linkdim=\dimen196
\Hy@linkcounter=\count322
\Hy@pagecounter=\count323

(c:/texlive/2022/texmf-dist/tex/latex/hyperref/pd1enc.def
File: pd1enc.def 2022-02-21 v7.00n Hyperref: PDFDocEncoding definition (HO)
Now handling font encoding PD1 ...
... no UTF-8 mapping file for font encoding PD1
)
(c:/texlive/2022/texmf-dist/tex/generic/etexcmds/etexcmds.sty
Package: etexcmds 2019/12/15 v1.7 Avoid name clashes with e-TeX commands (HO)
)
\Hy@SavedSpaceFactor=\count324

(c:/texlive/2022/texmf-dist/tex/latex/hyperref/puenc.def
File: puenc.def 2022-02-21 v7.00n Hyperref: PDF Unicode definition (HO)
Now handling font encoding PU ...
... no UTF-8 mapping file for font encoding PU
)
Package hyperref Info: Hyper figures OFF on input line 4137.
Package hyperref Info: Link nesting OFF on input line 4142.
Package hyperref Info: Hyper index ON on input line 4145.
Package hyperref Info: Plain pages OFF on input line 4152.
Package hyperref Info: Backreferencing ON on input line 4155.
Package hyperref Info: Implicit mode ON; LaTeX internals redefined.
Package hyperref Info: Bookmarks ON on input line 4390.

(c:/texlive/2022/texmf-dist/tex/latex/hyperref/backref.sty
Package: backref 2021/02/04 v1.41 Bibliographical back referencing

(c:/texlive/2022/texmf-dist/tex/latex/rerunfilecheck/rerunfilecheck.sty
Package: rerunfilecheck 2019/12/05 v1.9 Rerun checks for auxiliary files (HO)

(c:/texlive/2022/texmf-dist/tex/latex/base/atveryend-ltx.sty
Package: atveryend-ltx 2020/08/19 v1.0a Emulation of the original atveryend pac
kage
with kernel methods
)
(c:/texlive/2022/texmf-dist/tex/generic/uniquecounter/uniquecounter.sty
Package: uniquecounter 2019/12/15 v1.4 Provide unlimited unique counter (HO)

(c:/texlive/2022/texmf-dist/tex/generic/bigintcalc/bigintcalc.sty
Package: bigintcalc 2019/12/15 v1.5 Expandable calculations on big integers (HO
)
))
Package uniquecounter Info: New unique counter `rerunfilecheck' on input line 2
86.
))
\c@Hy@tempcnt=\count325

(c:/texlive/2022/texmf-dist/tex/latex/url/url.sty
\Urlmuskip=\muskip16
Package: url 2013/09/16  ver 3.4  Verb mode for urls, etc.
)
LaTeX Info: Redefining \url on input line 4749.
\XeTeXLinkMargin=\dimen197

(c:/texlive/2022/texmf-dist/tex/generic/bitset/bitset.sty
Package: bitset 2019/12/09 v1.3 Handle bit-vector datatype (HO)
)
\Fld@menulength=\count326
\Field@Width=\dimen198
\Fld@charsize=\dimen199
Package hyperref Info: Hyper figures OFF on input line 6027.
Package hyperref Info: Link nesting OFF on input line 6032.
Package hyperref Info: Hyper index ON on input line 6035.
Package hyperref Info: backreferencing ON on input line 6040.
Package hyperref Info: Link coloring OFF on input line 6047.
Package hyperref Info: Link coloring with OCG OFF on input line 6052.
Package hyperref Info: PDF/A mode OFF on input line 6057.
LaTeX Info: Redefining \ref on input line 6097.
LaTeX Info: Redefining \pageref on input line 6101.

(c:/texlive/2022/texmf-dist/tex/latex/base/atbegshi-ltx.sty
Package: atbegshi-ltx 2021/01/10 v1.0c Emulation of the original atbegshi
package with kernel methods
)
\Hy@abspage=\count327
\c@Item=\count328
\c@Hfootnote=\count329


LaTeX Warning: Command \LT@p@ftntext  has changed.
               Check if current package is valid.

)
Package hyperref Info: Driver: hpdftex.
 (c:/texlive/2022/texmf-dist/tex/latex/hyperref/hpdftex.def
File: hpdftex.def 2022-02-21 v7.00n Hyperref driver for pdfTeX
\Fld@listcount=\count330
\c@bookmark@seq@number=\count331
\Hy@SectionHShift=\skip127
)
Package hyperref Info: Option `colorlinks' set `true' on input line 136.
Package hyperref Info: Option `unicode' set `true' on input line 136.

(c:/texlive/2022/texmf-dist/tex/latex/caption/caption.sty
Package: caption 2022/03/01 v3.6b Customizing captions (AR)

(c:/texlive/2022/texmf-dist/tex/latex/caption/caption3.sty
Package: caption3 2022/03/17 v2.3b caption3 kernel (AR)
\caption@tempdima=\dimen256
\captionmargin=\dimen257
\caption@leftmargin=\dimen258
\caption@rightmargin=\dimen259
\caption@width=\dimen260
\caption@indent=\dimen261
\caption@parindent=\dimen262
\caption@hangindent=\dimen263
Package caption Info: Standard document class detected.
)
\c@caption@flags=\count332
\c@continuedfloat=\count333
Package caption Info: float package is loaded.
Package caption Info: hyperref package is loaded.
Package caption Info: longtable package is loaded.

(c:/texlive/2022/texmf-dist/tex/latex/caption/ltcaption.sty
Package: ltcaption 2021/01/08 v1.4c longtable captions (AR)
))
(c:/texlive/2022/texmf-dist/tex/latex/etoc/etoc.sty
Package: etoc 2021/09/23 v1.09e Completely customisable TOCs (JFB)
\Etoc@toctoks=\toks35
\c@etoc@tocid=\count334
\c@etoc@tocdepth=\count335
\etoc@framed@titlebox=\box119
\etoc@framed@contentsbox=\box120
)
LaTeX Font Info:    Trying to load font information for T1+phv on input line 15
2.

(c:/texlive/2022/texmf-dist/tex/latex/psnfss/t1phv.fd
File: t1phv.fd 2020/03/25 scalable font definitions for T1/phv.
)
LaTeX Font Info:    Font shape `T1/phv/m/n' will be
(Font)              scaled to size 8.99994pt on input line 152.

(c:/texlive/2022/texmf-dist/tex/latex/l3backend/l3backend-pdftex.def
File: l3backend-pdftex.def 2022-04-20 L3 backend support: PDF output (pdfTeX)
\l__color_backend_stack_int=\count336
\l__pdf_internal_box=\box121
)
(./refman.aux)
\openout1 = `refman.aux'.

LaTeX Font Info:    Checking defaults for OML/cmm/m/it on input line 152.
LaTeX Font Info:    ... okay on input line 152.
LaTeX Font Info:    Checking defaults for OMS/cmsy/m/n on input line 152.
LaTeX Font Info:    ... okay on input line 152.
LaTeX Font Info:    Checking defaults for OT1/cmr/m/n on input line 152.
LaTeX Font Info:    ... okay on input line 152.
LaTeX Font Info:    Checking defaults for T1/cmr/m/n on input line 152.
LaTeX Font Info:    ... okay on input line 152.
LaTeX Font Info:    Checking defaults for TS1/cmr/m/n on input line 152.
LaTeX Font Info:    ... okay on input line 152.
LaTeX Font Info:    Checking defaults for OMX/cmex/m/n on input line 152.
LaTeX Font Info:    ... okay on input line 152.
LaTeX Font Info:    Checking defaults for U/cmr/m/n on input line 152.
LaTeX Font Info:    ... okay on input line 152.
LaTeX Font Info:    Checking defaults for PD1/pdf/m/n on input line 152.
LaTeX Font Info:    ... okay on input line 152.
LaTeX Font Info:    Checking defaults for PU/pdf/m/n on input line 152.
LaTeX Font Info:    ... okay on input line 152.
 (c:/texlive/2022/texmf-dist/tex/context/base/mkii/supp-pdf.mkii
[Loading MPS to PDF converter (version 2006.09.02).]
\scratchcounter=\count337
\scratchdimen=\dimen264
\scratchbox=\box122
\nofMPsegments=\count338
\nofMParguments=\count339
\everyMPshowfont=\toks36
\MPscratchCnt=\count340
\MPscratchDim=\dimen265
\MPnumerator=\count341
\makeMPintoPDFobject=\count342
\everyMPtoPDFconversion=\toks37
) (c:/texlive/2022/texmf-dist/tex/latex/epstopdf-pkg/epstopdf-base.sty
Package: epstopdf-base 2020-01-24 v2.11 Base part for package epstopdf
Package epstopdf-base Info: Redefining graphics rule for `.eps' on input line 4
85.

(c:/texlive/2022/texmf-dist/tex/latex/latexconfig/epstopdf-sys.cfg
File: epstopdf-sys.cfg 2010/07/13 v1.3 Configuration of (r)epstopdf for TeX Liv
e
))
*geometry* driver: auto-detecting
*geometry* detected driver: pdftex
*geometry* verbose mode - [ preamble ] result:
* driver: pdftex
* paper: a4paper
* layout: <same size as paper>
* layoutoffset:(h,v)=(0.0pt,0.0pt)
* modes: twoside 
* h-part:(L,W,R)=(71.13188pt, 455.24411pt, 71.13188pt)
* v-part:(T,H,B)=(71.13188pt, 702.78308pt, 71.13188pt)
* \paperwidth=597.50787pt
* \paperheight=845.04684pt
* \textwidth=455.24411pt
* \textheight=702.78308pt
* \oddsidemargin=-1.1381pt
* \evensidemargin=-1.1381pt
* \topmargin=-31.2056pt
* \headheight=12.0pt
* \headsep=18.06749pt
* \topskip=10.0pt
* \footskip=25.29494pt
* \marginparwidth=125.0pt
* \marginparsep=7.0pt
* \columnsep=10.0pt
* \skip\footins=9.0pt plus 4.0pt minus 2.0pt
* \hoffset=0.0pt
* \voffset=0.0pt
* \mag=1000
* \@twocolumnfalse
* \@twosidetrue
* \@mparswitchtrue
* \@reversemarginfalse
* (1in=72.27pt=25.4mm, 1cm=28.453pt)

Package backref Info: ** backref set up for natbib ** on input line 152.
Package hyperref Info: Link coloring ON on input line 152.
(c:/texlive/2022/texmf-dist/tex/latex/hyperref/nameref.sty
Package: nameref 2021-04-02 v2.47 Cross-referencing by name of section

(c:/texlive/2022/texmf-dist/tex/latex/refcount/refcount.sty
Package: refcount 2019/12/15 v3.6 Data extraction from label references (HO)
)
(c:/texlive/2022/texmf-dist/tex/generic/gettitlestring/gettitlestring.sty
Package: gettitlestring 2019/12/15 v1.6 Cleanup title references (HO)
)
\c@section@level=\count343
)
LaTeX Info: Redefining \ref on input line 152.
LaTeX Info: Redefining \pageref on input line 152.
LaTeX Info: Redefining \nameref on input line 152.

(./refman.out) (./refman.out)
\@outlinefile=\write5
\openout5 = `refman.out'.

Package caption Info: Begin \AtBeginDocument code.
Package caption Info: End \AtBeginDocument code.
\Etoc@tf=\read4
Package hyperref Info: Option `pageanchor' set `false' on input line 160.
Package hyperref Info: Option `bookmarksnumbered' set `true' on input line 160.

Package hyperref Info: Option `unicode' set `true' on input line 160.
LaTeX Font Info:    Font shape `T1/phv/m/n' will be
(Font)              scaled to size 12.9599pt on input line 165.
LaTeX Font Info:    Font shape `T1/phv/m/n' will be
(Font)              scaled to size 10.79993pt on input line 167.
 [1


{c:/texlive/2022/texmf-var/fonts/map/pdftex/updmap/pdftex.map}] [2

]
\tf@toc=\write6
\openout6 = `refman.toc'.

LaTeX Font Info:    Font shape `T1/phv/b/n' will be
(Font)              scaled to size 8.99994pt on input line 173.
LaTeX Font Info:    Trying to load font information for U+msa on input line 173
.
 (c:/texlive/2022/texmf-dist/tex/latex/amsfonts/umsa.fd
File: umsa.fd 2013/01/14 v3.01 AMS symbols A
)
LaTeX Font Info:    Trying to load font information for U+msb on input line 173
.

(c:/texlive/2022/texmf-dist/tex/latex/amsfonts/umsb.fd
File: umsb.fd 2013/01/14 v3.01 AMS symbols B
)
LaTeX Font Info:    Trying to load font information for U+wasy on input line 17
3.

(c:/texlive/2022/texmf-dist/tex/latex/wasysym/uwasy.fd
File: uwasy.fd 2020/01/19 v2.4 Wasy-2 symbol font definitions
)
LaTeX Font Info:    Font shape `T1/phv/m/n' will be
(Font)              scaled to size 6.29996pt on input line 173.
LaTeX Font Info:    Font shape `T1/phv/m/n' will be
(Font)              scaled to size 7.19995pt on input line 173.
LaTeX Font Info:    Trying to load font information for T1+pcr on input line 17
3.

(c:/texlive/2022/texmf-dist/tex/latex/psnfss/t1pcr.fd
File: t1pcr.fd 2001/06/04 font definitions for T1/pcr.
)
LaTeX Font Info:    Font shape `T1/phv/b/n' will be
(Font)              scaled to size 6.29996pt on input line 173.
 [1] [2] [3] [4

]
Package hyperref Info: Option `pageanchor' set `true' on input line 176.

Chapter 1.
LaTeX Font Info:    Font shape `T1/phv/m/n' will be
(Font)              scaled to size 18.66588pt on input line 178.
LaTeX Font Info:    Font shape `T1/phv/b/n' will be
(Font)              scaled to size 18.66588pt on input line 178.
LaTeX Font Info:    Font shape `T1/phv/bc/n' will be
(Font)              scaled to size 18.66588pt on input line 178.
LaTeX Font Info:    Font shape `T1/phv/m/n' will be
(Font)              scaled to size 22.39185pt on input line 178.
LaTeX Font Info:    Font shape `T1/phv/b/n' will be
(Font)              scaled to size 22.39185pt on input line 178.
LaTeX Font Info:    Font shape `T1/phv/bc/n' will be
(Font)              scaled to size 22.39185pt on input line 178.
(./namespaces.tex
LaTeX Font Info:    Font shape `T1/phv/b/n' will be
(Font)              scaled to size 12.9599pt on input line 1.
) [1

] [2

]
Chapter 2.
(./hierarchy.tex) [3] [4

]
Chapter 3.
(./annotated.tex) [5] [6

]
Chapter 4.
(./namespace_sad_sapphic_games.tex)
(./namespace_sad_sapphic_games_1_1_noise_generators.tex
LaTeX Font Info:    Font shape `T1/phv/b/n' will be
(Font)              scaled to size 10.79993pt on input line 3.
LaTeX Font Info:    Trying to load font information for TS1+phv on input line 6
.

(c:/texlive/2022/texmf-dist/tex/latex/psnfss/ts1phv.fd
File: ts1phv.fd 2020/03/25 scalable font definitions for TS1/phv.
)
LaTeX Font Info:    Font shape `TS1/phv/m/n' will be
(Font)              scaled to size 8.99994pt on input line 6.
LaTeX Font Info:    Font shape `T1/phv/m/n' will be
(Font)              scaled to size 8.09995pt on input line 7.
LaTeX Font Info:    Font shape `T1/phv/m/it' in size <9> not available
(Font)              Font shape `T1/phv/m/sl' tried instead on input line 7.
LaTeX Font Info:    Font shape `T1/phv/m/sl' will be
(Font)              scaled to size 8.09995pt on input line 7.
LaTeX Font Info:    Font shape `T1/phv/m/it' in size <7> not available
(Font)              Font shape `T1/phv/m/sl' tried instead on input line 11.
LaTeX Font Info:    Font shape `T1/phv/m/sl' will be
(Font)              scaled to size 6.29996pt on input line 11.
) [7] [8

]
Chapter 5.

(./class_sad_sapphic_games_1_1_noise_generators_1_1_abstract_lattice_noise_gene
rator.tex <./class_sad_sapphic_games_1_1_noise_generators_1_1_abstract_lattice_
noise_generator.pdf>
<class_sad_sapphic_games_1_1_noise_generators_1_1_abstract_lattice_noise_genera
tor.pdf, id=621, 501.875pt x 99.87312pt>
File: class_sad_sapphic_games_1_1_noise_generators_1_1_abstract_lattice_noise_g
enerator.pdf Graphic file (type pdf)
<use class_sad_sapphic_games_1_1_noise_generators_1_1_abstract_lattice_noise_ge
nerator.pdf>
Package pdftex.def Info: class_sad_sapphic_games_1_1_noise_generators_1_1_abstr
act_lattice_noise_generator.pdf  used on input line 11.
(pdftex.def)             Requested size: 398.36842pt x 79.27141pt.
 [9]
LaTeX Font Info:    Font shape `T1/pcr/m/it' in size <8> not available
(Font)              Font shape `T1/pcr/m/sl' tried instead on input line 59.
)
(./class_sad_sapphic_games_1_1_noise_generators_1_1_abstract_noise_generator.te
x <./class_sad_sapphic_games_1_1_noise_generators_1_1_abstract_noise_generator.
pdf>
<class_sad_sapphic_games_1_1_noise_generators_1_1_abstract_noise_generator.pdf,
 id=644, 501.875pt x 39.94925pt>
File: class_sad_sapphic_games_1_1_noise_generators_1_1_abstract_noise_generator
.pdf Graphic file (type pdf)
<use class_sad_sapphic_games_1_1_noise_generators_1_1_abstract_noise_generator.
pdf>
Package pdftex.def Info: class_sad_sapphic_games_1_1_noise_generators_1_1_abstr
act_noise_generator.pdf  used on input line 11.
(pdftex.def)             Requested size: 398.36076pt x 31.70848pt.
 [10] [11]
Underfull \hbox (badness 10000) in paragraph at lines 94--95
\T1/pcr/m/n/8 abstract void Sad[]Sapphic[]Games.[]Noise[]Generators.[]Abstract[
]Noise[]Generator.[]Inner[]Generate[]Texture ( )
 []


Overfull \hbox (91.57866pt too wide) in paragraph at lines 102--103
[]\T1/phv/m/n/10 Implemented in [], [],
 []


Overfull \hbox (35.43794pt too wide) in paragraph at lines 102--103
[]\T1/phv/m/n/10 , [],
 []


Underfull \hbox (badness 10000) in paragraph at lines 108--109
\T1/pcr/m/n/8 virtual void Sad[]Sapphic[]Games.[]Noise[]Generators.[]Abstract[]
Noise[]Generator.[]Set[]Shader[]Parameters ( )
 []


Overfull \hbox (139.3229pt too wide) in paragraph at lines 116--117
[]\T1/phv/m/n/10 Reimplemented in [], [],
 []

)
(./class_sad_sapphic_games_1_1_noise_generators_1_1_abstract_noise_generator_co
mponent.tex <./class_sad_sapphic_games_1_1_noise_generators_1_1_abstract_noise_
generator_component.pdf>
<class_sad_sapphic_games_1_1_noise_generators_1_1_abstract_noise_generator_comp
onent.pdf, id=701, 501.875pt x 28.14516pt>
File: class_sad_sapphic_games_1_1_noise_generators_1_1_abstract_noise_generator
_component.pdf Graphic file (type pdf)
<use class_sad_sapphic_games_1_1_noise_generators_1_1_abstract_noise_generator_
component.pdf>
Package pdftex.def Info: class_sad_sapphic_games_1_1_noise_generators_1_1_abstr
act_noise_generator_component.pdf  used on input line 11.
(pdftex.def)             Requested size: 398.30716pt x 22.3368pt.
 [12]
Overfull \hbox (184.61897pt too wide) in paragraph at lines 88--89
[]\T1/phv/m/n/10 Implemented in [], [],
 []


Overfull \hbox (128.47826pt too wide) in paragraph at lines 88--89
[]\T1/phv/m/n/10 , [],
 []

[13])
(./class_sad_sapphic_games_1_1_noise_generators_1_1_fractal_noise_generator.tex
 <./class_sad_sapphic_games_1_1_noise_generators_1_1_fractal_noise_generator.pd
f>
<class_sad_sapphic_games_1_1_noise_generators_1_1_fractal_noise_generator.pdf, 
id=754, 501.875pt x 164.99643pt>
File: class_sad_sapphic_games_1_1_noise_generators_1_1_fractal_noise_generator.
pdf Graphic file (type pdf)
<use class_sad_sapphic_games_1_1_noise_generators_1_1_fractal_noise_generator.p
df>
Package pdftex.def Info: class_sad_sapphic_games_1_1_noise_generators_1_1_fract
al_noise_generator.pdf  used on input line 11.
(pdftex.def)             Requested size: 259.63635pt x 85.35826pt.

Underfull \hbox (badness 10000) in paragraph at lines 18--19

 []

[14]
LaTeX Font Info:    Font shape `T1/phv/b/n' will be
(Font)              scaled to size 7.19995pt on input line 79.
LaTeX Font Info:    Font shape `T1/pcr/m/it' in size <7> not available
(Font)              Font shape `T1/pcr/m/sl' tried instead on input line 80.

Underfull \hbox (badness 10000) in paragraph at lines 84--85

 []

[15] [16]
Underfull \hbox (badness 10000) detected at line 165
[][][]
 []


Underfull \hbox (badness 10000) in paragraph at lines 172--173
\T1/pcr/m/n/8 override void Sad[]Sapphic[]Games.[]Noise[]Generators.[]Fractal[]
Noise[]Generator.[]Inner[]Generate[]Texture ( )
 []


Underfull \hbox (badness 10000) in paragraph at lines 186--187
\T1/pcr/m/n/8 override void Sad[]Sapphic[]Games.[]Noise[]Generators.[]Fractal[]
Noise[]Generator.[]Set[]Shader[]Parameters ( )
 []

)
(./class_sad_sapphic_games_1_1_noise_generators_1_1_fractal_noise_generator_com
ponent.tex <./class_sad_sapphic_games_1_1_noise_generators_1_1_fractal_noise_ge
nerator_component.pdf>
<class_sad_sapphic_games_1_1_noise_generators_1_1_fractal_noise_generator_compo
nent.pdf, id=812, 501.875pt x 70.35283pt>
File: class_sad_sapphic_games_1_1_noise_generators_1_1_fractal_noise_generator_
component.pdf Graphic file (type pdf)
<use class_sad_sapphic_games_1_1_noise_generators_1_1_fractal_noise_generator_c
omponent.pdf>
Package pdftex.def Info: class_sad_sapphic_games_1_1_noise_generators_1_1_fract
al_noise_generator_component.pdf  used on input line 11.
(pdftex.def)             Requested size: 398.36076pt x 55.84183pt.
 [17] [18]
Underfull \hbox (badness 10000) in paragraph at lines 79--80
\T1/pcr/m/n/8 override void Sad[]Sapphic[]Games.[]Noise[]Generators.[]Fractal[]
Noise[]Generator[]Component.[]Update[]Generator[]
 []

) (./class_sad_sapphic_games_1_1_noise_generators_1_1_noise_texture_display.tex
 <./class_sad_sapphic_games_1_1_noise_generators_1_1_noise_texture_display.pdf>
<class_sad_sapphic_games_1_1_noise_generators_1_1_noise_texture_display.pdf, id
=849, 501.875pt x 116.37477pt>
File: class_sad_sapphic_games_1_1_noise_generators_1_1_noise_texture_display.pd
f Graphic file (type pdf)
<use class_sad_sapphic_games_1_1_noise_generators_1_1_noise_texture_display.pdf
>
Package pdftex.def Info: class_sad_sapphic_games_1_1_noise_generators_1_1_noise
_texture_display.pdf  used on input line 11.
(pdftex.def)             Requested size: 245.41547pt x 56.9055pt.
)
(./class_sad_sapphic_games_1_1_noise_generators_1_1_perlin_noise_generator.tex 
<./class_sad_sapphic_games_1_1_noise_generators_1_1_perlin_noise_generator.pdf>
<class_sad_sapphic_games_1_1_noise_generators_1_1_perlin_noise_generator.pdf, i
d=855, 501.875pt x 199.74625pt>
File: class_sad_sapphic_games_1_1_noise_generators_1_1_perlin_noise_generator.p
df Graphic file (type pdf)
<use class_sad_sapphic_games_1_1_noise_generators_1_1_perlin_noise_generator.pd
f>
Package pdftex.def Info: class_sad_sapphic_games_1_1_noise_generators_1_1_perli
n_noise_generator.pdf  used on input line 11.
(pdftex.def)             Requested size: 285.95685pt x 113.81102pt.
[19]
LaTeX Font Info:    Font shape `TS1/phv/m/it' in size <9> not available
(Font)              Font shape `TS1/phv/m/sl' tried instead on input line 34.
LaTeX Font Info:    Font shape `TS1/phv/m/sl' will be
(Font)              scaled to size 8.09995pt on input line 34.
 [20] [21]
Underfull \hbox (badness 10000) detected at line 96
[][][]
 []


Underfull \hbox (badness 10000) in paragraph at lines 103--104
\T1/pcr/m/n/8 override void Sad[]Sapphic[]Games.[]Noise[]Generators.[]Perlin[]N
oise[]Generator.[]Inner[]Generate[]Texture ( )
 []

)
(./class_sad_sapphic_games_1_1_noise_generators_1_1_perlin_noise_generator_comp
onent.tex <./class_sad_sapphic_games_1_1_noise_generators_1_1_perlin_noise_gene
rator_component.pdf>
<class_sad_sapphic_games_1_1_noise_generators_1_1_perlin_noise_generator_compon
ent.pdf, id=892, 501.875pt x 70.35283pt>
File: class_sad_sapphic_games_1_1_noise_generators_1_1_perlin_noise_generator_c
omponent.pdf Graphic file (type pdf)
<use class_sad_sapphic_games_1_1_noise_generators_1_1_perlin_noise_generator_co
mponent.pdf>
Package pdftex.def Info: class_sad_sapphic_games_1_1_noise_generators_1_1_perli
n_noise_generator_component.pdf  used on input line 11.
(pdftex.def)             Requested size: 398.36076pt x 55.84183pt.
 [22]
Underfull \hbox (badness 10000) in paragraph at lines 55--56
\T1/pcr/m/n/8 override void Sad[]Sapphic[]Games.[]Noise[]Generators.[]Perlin[]N
oise[]Generator[]Component.[]Update[]Generator[]
 []

)
(./class_sad_sapphic_games_1_1_noise_generators_1_1_random_noise_generator.tex 
<./class_sad_sapphic_games_1_1_noise_generators_1_1_random_noise_generator.pdf>
<class_sad_sapphic_games_1_1_noise_generators_1_1_random_noise_generator.pdf, i
d=914, 501.875pt x 164.99643pt>
File: class_sad_sapphic_games_1_1_noise_generators_1_1_random_noise_generator.p
df Graphic file (type pdf)
<use class_sad_sapphic_games_1_1_noise_generators_1_1_random_noise_generator.pd
f>
Package pdftex.def Info: class_sad_sapphic_games_1_1_noise_generators_1_1_rando
m_noise_generator.pdf  used on input line 11.
(pdftex.def)             Requested size: 259.63635pt x 85.35826pt.
[23] [24]
Underfull \hbox (badness 10000) detected at line 85
[][][]
 []


Underfull \hbox (badness 10000) in paragraph at lines 92--93
\T1/pcr/m/n/8 override void Sad[]Sapphic[]Games.[]Noise[]Generators.[]Random[]N
oise[]Generator.[]Inner[]Generate[]Texture ( )
 []

)
(./class_sad_sapphic_games_1_1_noise_generators_1_1_random_noise_generator_comp
onent.tex <./class_sad_sapphic_games_1_1_noise_generators_1_1_random_noise_gene
rator_component.pdf>
<class_sad_sapphic_games_1_1_noise_generators_1_1_random_noise_generator_compon
ent.pdf, id=948, 501.875pt x 70.35283pt>
File: class_sad_sapphic_games_1_1_noise_generators_1_1_random_noise_generator_c
omponent.pdf Graphic file (type pdf)
<use class_sad_sapphic_games_1_1_noise_generators_1_1_random_noise_generator_co
mponent.pdf>
Package pdftex.def Info: class_sad_sapphic_games_1_1_noise_generators_1_1_rando
m_noise_generator_component.pdf  used on input line 11.
(pdftex.def)             Requested size: 398.36076pt x 55.84183pt.
 [25])
(./class_sad_sapphic_games_1_1_noise_generators_1_1_value_noise_generator.tex <
./class_sad_sapphic_games_1_1_noise_generators_1_1_value_noise_generator.pdf>
<class_sad_sapphic_games_1_1_noise_generators_1_1_value_noise_generator.pdf, id
=967, 501.875pt x 199.74625pt>
File: class_sad_sapphic_games_1_1_noise_generators_1_1_value_noise_generator.pd
f Graphic file (type pdf)
<use class_sad_sapphic_games_1_1_noise_generators_1_1_value_noise_generator.pdf
>
Package pdftex.def Info: class_sad_sapphic_games_1_1_noise_generators_1_1_value
_noise_generator.pdf  used on input line 11.
(pdftex.def)             Requested size: 285.95685pt x 113.81102pt.

[26] [27] [28]
Underfull \hbox (badness 10000) detected at line 96
[][][]
 []


Underfull \hbox (badness 10000) in paragraph at lines 103--104
\T1/pcr/m/n/8 override void Sad[]Sapphic[]Games.[]Noise[]Generators.[]Value[]No
ise[]Generator.[]Inner[]Generate[]Texture ( )
 []

)
(./class_sad_sapphic_games_1_1_noise_generators_1_1_value_noise_generator_compo
nent.tex <./class_sad_sapphic_games_1_1_noise_generators_1_1_value_noise_genera
tor_component.pdf>
<class_sad_sapphic_games_1_1_noise_generators_1_1_value_noise_generator_compone
nt.pdf, id=1007, 501.875pt x 70.35283pt>
File: class_sad_sapphic_games_1_1_noise_generators_1_1_value_noise_generator_co
mponent.pdf Graphic file (type pdf)
<use class_sad_sapphic_games_1_1_noise_generators_1_1_value_noise_generator_com
ponent.pdf>
Package pdftex.def Info: class_sad_sapphic_games_1_1_noise_generators_1_1_value
_noise_generator_component.pdf  used on input line 11.
(pdftex.def)             Requested size: 398.36076pt x 55.84183pt.
 [29]
Underfull \hbox (badness 10000) in paragraph at lines 55--56
\T1/pcr/m/n/8 override void Sad[]Sapphic[]Games.[]Noise[]Generators.[]Value[]No
ise[]Generator[]Component.[]Update[]Generator[]
 []

)
(./class_sad_sapphic_games_1_1_noise_generators_1_1_worley_noise_generator.tex 
<./class_sad_sapphic_games_1_1_noise_generators_1_1_worley_noise_generator.pdf>
<class_sad_sapphic_games_1_1_noise_generators_1_1_worley_noise_generator.pdf, i
d=1029, 501.875pt x 164.99643pt>
File: class_sad_sapphic_games_1_1_noise_generators_1_1_worley_noise_generator.p
df Graphic file (type pdf)
<use class_sad_sapphic_games_1_1_noise_generators_1_1_worley_noise_generator.pd
f>
Package pdftex.def Info: class_sad_sapphic_games_1_1_noise_generators_1_1_worle
y_noise_generator.pdf  used on input line 11.
(pdftex.def)             Requested size: 259.63635pt x 85.35826pt.
[30] [31] [32]
Underfull \hbox (badness 10000) detected at line 121
[][][]
 []


Underfull \hbox (badness 10000) in paragraph at lines 128--129
\T1/pcr/m/n/8 override void Sad[]Sapphic[]Games.[]Noise[]Generators.[]Worley[]N
oise[]Generator.[]Inner[]Generate[]Texture ( )
 []


Underfull \hbox (badness 10000) in paragraph at lines 142--143
\T1/pcr/m/n/8 override void Sad[]Sapphic[]Games.[]Noise[]Generators.[]Worley[]N
oise[]Generator.[]Set[]Shader[]Parameters ( )
 []

)
(./class_sad_sapphic_games_1_1_noise_generators_1_1_worley_noise_generator_comp
onent.tex <./class_sad_sapphic_games_1_1_noise_generators_1_1_worley_noise_gene
rator_component.pdf>
<class_sad_sapphic_games_1_1_noise_generators_1_1_worley_noise_generator_compon
ent.pdf, id=1075, 501.875pt x 70.35283pt>
File: class_sad_sapphic_games_1_1_noise_generators_1_1_worley_noise_generator_c
omponent.pdf Graphic file (type pdf)
<use class_sad_sapphic_games_1_1_noise_generators_1_1_worley_noise_generator_co
mponent.pdf>
Package pdftex.def Info: class_sad_sapphic_games_1_1_noise_generators_1_1_worle
y_noise_generator_component.pdf  used on input line 11.
(pdftex.def)             Requested size: 398.36076pt x 55.84183pt.
 [33]
Underfull \hbox (badness 10000) in paragraph at lines 61--62
\T1/pcr/m/n/8 override void Sad[]Sapphic[]Games.[]Noise[]Generators.[]Worley[]N
oise[]Generator[]Component.[]Update[]Generator[]
 []

) [34] (./refman.ind
Overfull \hbox (92.95058pt too wide) in paragraph at lines 4--6
[]| \T1/phv/m/n/10 Sad-Sap-ph-icGames.NoiseGenerators.AbstractNoiseGeneratorCom
ponent,
 []


Overfull \hbox (87.03777pt too wide) in paragraph at lines 6--8
[]| \T1/phv/m/n/10 Sad-Sap-ph-icGames.NoiseGenerators.FractalNoiseGeneratorComp
onent,
 []


Overfull \hbox (82.71765pt too wide) in paragraph at lines 8--10
[]| \T1/phv/m/n/10 Sad-Sap-ph-icGames.NoiseGenerators.PerlinNoiseGeneratorCompo
nent,
 []


Overfull \hbox (94.03967pt too wide) in paragraph at lines 10--12
[]| \T1/phv/m/n/10 Sad-Sap-ph-icGames.NoiseGenerators.RandomNoiseGeneratorCompo
nent,
 []


Overfull \hbox (82.41182pt too wide) in paragraph at lines 12--14
[]| \T1/phv/m/n/10 Sad-Sap-ph-icGames.NoiseGenerators.ValueNoiseGeneratorCompon
ent,
 []


Overfull \hbox (87.71277pt too wide) in paragraph at lines 14--16
[]| \T1/phv/m/n/10 Sad-Sap-ph-icGames.NoiseGenerators.WorleyNoiseGeneratorCompo
nent,
 []


Overfull \hbox (72.94385pt too wide) in paragraph at lines 20--22
[]| \T1/phv/m/n/10 Sad-Sap-ph-icGames.NoiseGenerators.AbstractLatticeNoiseGener
ator,
 []


Overfull \hbox (40.51761pt too wide) in paragraph at lines 22--24
[]| \T1/phv/m/n/10 Sad-Sap-ph-icGames.NoiseGenerators.FractalNoiseGenerator,
 []


Overfull \hbox (87.03777pt too wide) in paragraph at lines 24--26
[]| \T1/phv/m/n/10 Sad-Sap-ph-icGames.NoiseGenerators.FractalNoiseGeneratorComp
onent,
 []


Overfull \hbox (41.19261pt too wide) in paragraph at lines 26--28
[]| \T1/phv/m/n/10 Sad-Sap-ph-icGames.NoiseGenerators.WorleyNoiseGenerator,
 []


Overfull \hbox (40.51761pt too wide) in paragraph at lines 32--34
[]| \T1/phv/m/n/10 Sad-Sap-ph-icGames.NoiseGenerators.FractalNoiseGenerator,
 []


Overfull \hbox (40.51761pt too wide) in paragraph at lines 38--40
[]| \T1/phv/m/n/10 Sad-Sap-ph-icGames.NoiseGenerators.FractalNoiseGenerator,
 []


Overfull \hbox (36.1975pt too wide) in paragraph at lines 40--42
[]| \T1/phv/m/n/10 Sad-Sap-ph-icGames.NoiseGenerators.PerlinNoiseGenerator,
 []


Overfull \hbox (47.51952pt too wide) in paragraph at lines 42--44
[]| \T1/phv/m/n/10 Sad-Sap-ph-icGames.NoiseGenerators.RandomNoiseGenerator,
 []


Overfull \hbox (35.89166pt too wide) in paragraph at lines 44--46
[]| \T1/phv/m/n/10 Sad-Sap-ph-icGames.NoiseGenerators.ValueNoiseGenerator,
 []


Overfull \hbox (41.19261pt too wide) in paragraph at lines 46--48
[]| \T1/phv/m/n/10 Sad-Sap-ph-icGames.NoiseGenerators.WorleyNoiseGenerator,
 []


Overfull \hbox (46.43042pt too wide) in paragraph at lines 52--54
[]| \T1/phv/m/n/10 Sad-Sap-ph-icGames.NoiseGenerators.AbstractNoiseGenerator,
 []


Overfull \hbox (40.51761pt too wide) in paragraph at lines 54--56
[]| \T1/phv/m/n/10 Sad-Sap-ph-icGames.NoiseGenerators.FractalNoiseGenerator,
 []


Overfull \hbox (36.1975pt too wide) in paragraph at lines 56--58
[]| \T1/phv/m/n/10 Sad-Sap-ph-icGames.NoiseGenerators.PerlinNoiseGenerator,
 []


Overfull \hbox (47.51952pt too wide) in paragraph at lines 58--60
[]| \T1/phv/m/n/10 Sad-Sap-ph-icGames.NoiseGenerators.RandomNoiseGenerator,
 []


Overfull \hbox (35.89166pt too wide) in paragraph at lines 60--62
[]| \T1/phv/m/n/10 Sad-Sap-ph-icGames.NoiseGenerators.ValueNoiseGenerator,
 []


Overfull \hbox (41.19261pt too wide) in paragraph at lines 62--64
[]| \T1/phv/m/n/10 Sad-Sap-ph-icGames.NoiseGenerators.WorleyNoiseGenerator,
 []


Overfull \hbox (36.1975pt too wide) in paragraph at lines 68--70
[]| \T1/phv/m/n/10 Sad-Sap-ph-icGames.NoiseGenerators.PerlinNoiseGenerator,
 []


Overfull \hbox (47.51952pt too wide) in paragraph at lines 74--76
[]| \T1/phv/m/n/10 Sad-Sap-ph-icGames.NoiseGenerators.RandomNoiseGenerator,
 []


Overfull \hbox (52.94385pt too wide) in paragraph at lines 81--83
[]\T1/phv/m/n/10 SadSapphicGames.NoiseGenerators.AbstractLatticeNoiseGenerator,

 []


Overfull \hbox (26.43042pt too wide) in paragraph at lines 85--87
[]\T1/phv/m/n/10 SadSapphicGames.NoiseGenerators.AbstractNoiseGenerator,
 []


Overfull \hbox (72.95058pt too wide) in paragraph at lines 89--91
[]\T1/phv/m/n/10 SadSapphicGames.NoiseGenerators.AbstractNoiseGeneratorComponen
t,
 []


Overfull \hbox (20.51761pt too wide) in paragraph at lines 92--94
[]\T1/phv/m/n/10 SadSapphicGames.NoiseGenerators.FractalNoiseGenerator,
 []


Overfull \hbox (67.03777pt too wide) in paragraph at lines 99--101
[]\T1/phv/m/n/10 SadSapphicGames.NoiseGenerators.FractalNoiseGeneratorComponent
,
 []


Overfull \hbox (16.1975pt too wide) in paragraph at lines 106--108
[]\T1/phv/m/n/10 SadSapphicGames.NoiseGenerators.PerlinNoiseGenerator,
 []


Overfull \hbox (62.71765pt too wide) in paragraph at lines 111--113
[]\T1/phv/m/n/10 SadSapphicGames.NoiseGenerators.PerlinNoiseGeneratorComponent,

 []


Overfull \hbox (27.51952pt too wide) in paragraph at lines 115--117
[]\T1/phv/m/n/10 SadSapphicGames.NoiseGenerators.RandomNoiseGenerator,
 []

[35



]
Overfull \hbox (74.03967pt too wide) in paragraph at lines 120--122
[]\T1/phv/m/n/10 SadSapphicGames.NoiseGenerators.RandomNoiseGeneratorComponent,

 []


Overfull \hbox (15.89166pt too wide) in paragraph at lines 123--125
[]\T1/phv/m/n/10 SadSapphicGames.NoiseGenerators.ValueNoiseGenerator,
 []


Overfull \hbox (62.41182pt too wide) in paragraph at lines 128--130
[]\T1/phv/m/n/10 SadSapphicGames.NoiseGenerators.ValueNoiseGeneratorComponent,
 []


Overfull \hbox (21.19261pt too wide) in paragraph at lines 132--134
[]\T1/phv/m/n/10 SadSapphicGames.NoiseGenerators.WorleyNoiseGenerator,
 []


Overfull \hbox (67.71277pt too wide) in paragraph at lines 139--141
[]\T1/phv/m/n/10 SadSapphicGames.NoiseGenerators.WorleyNoiseGeneratorComponent,

 []


Overfull \hbox (72.94385pt too wide) in paragraph at lines 144--146
[]| \T1/phv/m/n/10 Sad-Sap-ph-icGames.NoiseGenerators.AbstractLatticeNoiseGener
ator,
 []


Overfull \hbox (46.43042pt too wide) in paragraph at lines 146--148
[]| \T1/phv/m/n/10 Sad-Sap-ph-icGames.NoiseGenerators.AbstractNoiseGenerator,
 []


Overfull \hbox (40.51761pt too wide) in paragraph at lines 148--150
[]| \T1/phv/m/n/10 Sad-Sap-ph-icGames.NoiseGenerators.FractalNoiseGenerator,
 []


Overfull \hbox (41.19261pt too wide) in paragraph at lines 150--152
[]| \T1/phv/m/n/10 Sad-Sap-ph-icGames.NoiseGenerators.WorleyNoiseGenerator,
 []


Overfull \hbox (87.03777pt too wide) in paragraph at lines 156--158
[]| \T1/phv/m/n/10 Sad-Sap-ph-icGames.NoiseGenerators.FractalNoiseGeneratorComp
onent,
 []


Overfull \hbox (82.71765pt too wide) in paragraph at lines 158--160
[]| \T1/phv/m/n/10 Sad-Sap-ph-icGames.NoiseGenerators.PerlinNoiseGeneratorCompo
nent,
 []


Overfull \hbox (82.41182pt too wide) in paragraph at lines 160--162
[]| \T1/phv/m/n/10 Sad-Sap-ph-icGames.NoiseGenerators.ValueNoiseGeneratorCompon
ent,
 []


Overfull \hbox (87.71277pt too wide) in paragraph at lines 162--164
[]| \T1/phv/m/n/10 Sad-Sap-ph-icGames.NoiseGenerators.WorleyNoiseGeneratorCompo
nent,
 []


Overfull \hbox (35.89166pt too wide) in paragraph at lines 168--170
[]| \T1/phv/m/n/10 Sad-Sap-ph-icGames.NoiseGenerators.ValueNoiseGenerator,
 []


Overfull \hbox (41.19261pt too wide) in paragraph at lines 174--176
[]| \T1/phv/m/n/10 Sad-Sap-ph-icGames.NoiseGenerators.WorleyNoiseGenerator,
 []

[36

]) (./refman.aux)
Package rerunfilecheck Info: File `refman.out' has not changed.
(rerunfilecheck)             Checksum: C6EAF0E4F77B6395AFE99B293600894D;23585.
 ) 
Here is how much of TeX's memory you used:
 18448 strings out of 478305
 328045 string characters out of 5849247
 628329 words of memory out of 5000000
 35933 multiletter control sequences out of 15000+600000
 525639 words of font info for 86 fonts, out of 8000000 for 9000
 1141 hyphenation exceptions out of 8191
 99i,16n,117p,1213b,632s stack positions out of 10000i,1000n,20000p,200000b,200000s
{c:/texlive/2022/texmf-dist/fonts/enc/dvips/base/8r.enc}<c:/texlive/2022/texm
f-dist/fonts/type1/public/amsfonts/cm/cmmi7.pfb><c:/texlive/2022/texmf-dist/fon
ts/type1/public/amsfonts/cm/cmsy7.pfb><c:/texlive/2022/texmf-dist/fonts/type1/u
rw/courier/ucrb8a.pfb><c:/texlive/2022/texmf-dist/fonts/type1/urw/courier/ucrr8
a.pfb><c:/texlive/2022/texmf-dist/fonts/type1/urw/courier/ucrro8a.pfb><c:/texli
ve/2022/texmf-dist/fonts/type1/urw/helvetic/uhvb8a.pfb><c:/texlive/2022/texmf-d
ist/fonts/type1/urw/helvetic/uhvb8ac.pfb><c:/texlive/2022/texmf-dist/fonts/type
1/urw/helvetic/uhvr8a.pfb><c:/texlive/2022/texmf-dist/fonts/type1/urw/helvetic/
uhvro8a.pfb>
Output written on refman.pdf (42 pages, 235177 bytes).
PDF statistics:
 1317 PDF objects out of 1440 (max. 8388607)
 1214 compressed objects within 13 object streams
 331 named destinations out of 1000 (max. 500000)
 807 words of extra memory for PDF output out of 10000 (max. 10000000)

